<?xml version="1.0" encoding="UTF-8"?>
<coverage generated="1641233224984" clover="3.2.0">
  <project timestamp="1641233224984" name="All files">
    <metrics statements="158" coveredstatements="144" conditionals="102" coveredconditionals="81" methods="26" coveredmethods="24" elements="286" coveredelements="249" complexity="0" loc="158" ncloc="158" packages="4" files="4" classes="4"/>
    <package name="Practice1">
      <metrics statements="43" coveredstatements="42" conditionals="28" coveredconditionals="26" methods="7" coveredmethods="7"/>
      <file name="Practice1.js" path="D:\CoursesDevEducation\Practice\Practice\Practice1\Practice1.js">
        <metrics statements="43" coveredstatements="42" conditionals="28" coveredconditionals="26" methods="7" coveredmethods="7"/>
        <line num="2" count="3" type="stmt"/>
        <line num="4" count="3" type="stmt"/>
        <line num="5" count="16" type="cond" truecount="2" falsecount="0"/>
        <line num="6" count="6" type="stmt"/>
        <line num="7" count="10" type="stmt"/>
        <line num="9" count="3" type="stmt"/>
        <line num="12" count="1" type="stmt"/>
        <line num="16" count="9" type="stmt"/>
        <line num="21" count="46" type="stmt"/>
        <line num="26" count="13" type="cond" truecount="2" falsecount="2"/>
        <line num="27" count="13" type="cond" truecount="7" falsecount="0"/>
        <line num="28" count="9" type="stmt"/>
        <line num="30" count="4" type="stmt"/>
        <line num="34" count="0" type="stmt"/>
        <line num="37" count="1" type="stmt"/>
        <line num="39" count="1" type="stmt"/>
        <line num="42" count="4" type="stmt"/>
        <line num="44" count="4" type="cond" truecount="2" falsecount="0"/>
        <line num="45" count="1" type="stmt"/>
        <line num="48" count="3" type="cond" truecount="5" falsecount="0"/>
        <line num="49" count="2" type="stmt"/>
        <line num="50" count="2" type="stmt"/>
        <line num="51" count="1" type="stmt"/>
        <line num="52" count="3" type="stmt"/>
        <line num="55" count="1" type="stmt"/>
        <line num="58" count="5" type="stmt"/>
        <line num="59" count="5" type="stmt"/>
        <line num="60" count="5" type="stmt"/>
        <line num="61" count="5" type="stmt"/>
        <line num="63" count="5" type="stmt"/>
        <line num="64" count="26" type="cond" truecount="2" falsecount="0"/>
        <line num="65" count="2" type="stmt"/>
        <line num="68" count="5" type="cond" truecount="2" falsecount="0"/>
        <line num="69" count="1" type="stmt"/>
        <line num="72" count="5" type="cond" truecount="2" falsecount="0"/>
        <line num="73" count="3" type="stmt"/>
        <line num="74" count="2" type="stmt"/>
        <line num="76" count="5" type="cond" truecount="2" falsecount="0"/>
        <line num="77" count="2" type="stmt"/>
        <line num="78" count="3" type="stmt"/>
        <line num="80" count="5" type="stmt"/>
        <line num="83" count="1" type="stmt"/>
        <line num="86" count="1" type="stmt"/>
      </file>
    </package>
    <package name="Practice2">
      <metrics statements="33" coveredstatements="32" conditionals="18" coveredconditionals="17" methods="4" coveredmethods="4"/>
      <file name="SvyrydaPractice2.js" path="D:\CoursesDevEducation\Practice\Practice\Practice2\SvyrydaPractice2.js">
        <metrics statements="33" coveredstatements="32" conditionals="18" coveredconditionals="17" methods="4" coveredmethods="4"/>
        <line num="2" count="2" type="stmt"/>
        <line num="4" count="2" type="stmt"/>
        <line num="5" count="26" type="cond" truecount="4" falsecount="0"/>
        <line num="6" count="1" type="stmt"/>
        <line num="7" count="25" type="cond" truecount="2" falsecount="0"/>
        <line num="8" count="7" type="stmt"/>
        <line num="9" count="18" type="cond" truecount="2" falsecount="0"/>
        <line num="10" count="4" type="stmt"/>
        <line num="12" count="14" type="stmt"/>
        <line num="15" count="2" type="stmt"/>
        <line num="17" count="1" type="stmt"/>
        <line num="19" count="1" type="stmt"/>
        <line num="22" count="2" type="stmt"/>
        <line num="23" count="2" type="stmt"/>
        <line num="24" count="32" type="stmt"/>
        <line num="25" count="632" type="cond" truecount="4" falsecount="0"/>
        <line num="26" count="2" type="stmt"/>
        <line num="28" count="630" type="stmt"/>
        <line num="31" count="2" type="stmt"/>
        <line num="34" count="1" type="stmt"/>
        <line num="39" count="4" type="stmt"/>
        <line num="41" count="4" type="stmt"/>
        <line num="42" count="52" type="cond" truecount="2" falsecount="0"/>
        <line num="44" count="4" type="stmt"/>
        <line num="48" count="2" type="stmt"/>
        <line num="49" count="2" type="stmt"/>
        <line num="51" count="2" type="cond" truecount="2" falsecount="0"/>
        <line num="52" count="1" type="stmt"/>
        <line num="55" count="1" type="stmt"/>
        <line num="56" count="8" type="cond" truecount="1" falsecount="1"/>
        <line num="57" count="0" type="stmt"/>
        <line num="60" count="1" type="stmt"/>
        <line num="65" count="1" type="stmt"/>
      </file>
    </package>
    <package name="Practice4">
      <metrics statements="29" coveredstatements="28" conditionals="14" coveredconditionals="13" methods="4" coveredmethods="4"/>
      <file name="SvyrydaPractice4.js" path="D:\CoursesDevEducation\Practice\Practice\Practice4\SvyrydaPractice4.js">
        <metrics statements="29" coveredstatements="28" conditionals="14" coveredconditionals="13" methods="4" coveredmethods="4"/>
        <line num="2" count="3" type="stmt"/>
        <line num="3" count="9" type="stmt"/>
        <line num="4" count="35" type="cond" truecount="4" falsecount="0"/>
        <line num="5" count="2" type="stmt"/>
        <line num="9" count="1" type="stmt"/>
        <line num="12" count="1" type="stmt"/>
        <line num="15" count="8" type="stmt"/>
        <line num="17" count="8" type="stmt"/>
        <line num="18" count="20" type="cond" truecount="2" falsecount="0"/>
        <line num="19" count="5" type="stmt"/>
        <line num="20" count="15" type="stmt"/>
        <line num="22" count="8" type="stmt"/>
        <line num="25" count="1" type="stmt"/>
        <line num="28" count="3" type="stmt"/>
        <line num="29" count="3" type="stmt"/>
        <line num="30" count="3" type="stmt"/>
        <line num="31" count="7" type="stmt"/>
        <line num="32" count="7" type="stmt"/>
        <line num="34" count="3" type="stmt"/>
        <line num="37" count="1" type="stmt"/>
        <line num="40" count="3" type="stmt"/>
        <line num="41" count="6" type="cond" truecount="4" falsecount="0"/>
        <line num="42" count="1" type="stmt"/>
        <line num="45" count="2" type="stmt"/>
        <line num="46" count="4" type="cond" truecount="3" falsecount="1"/>
        <line num="47" count="0" type="stmt"/>
        <line num="50" count="2" type="stmt"/>
        <line num="53" count="1" type="stmt"/>
        <line num="55" count="1" type="stmt"/>
      </file>
    </package>
    <package name="Practice6">
      <metrics statements="53" coveredstatements="42" conditionals="42" coveredconditionals="25" methods="11" coveredmethods="9"/>
      <file name="script.js" path="D:\CoursesDevEducation\Practice\Practice\Practice6\script.js">
        <metrics statements="53" coveredstatements="42" conditionals="42" coveredconditionals="25" methods="11" coveredmethods="9"/>
        <line num="6" count="2" type="stmt"/>
        <line num="8" count="2" type="cond" truecount="0" falsecount="1"/>
        <line num="9" count="4" type="cond" truecount="2" falsecount="0"/>
        <line num="10" count="2" type="stmt"/>
        <line num="15" count="4" type="stmt"/>
        <line num="19" count="1" type="stmt"/>
        <line num="25" count="8" type="stmt"/>
        <line num="26" count="8" type="stmt"/>
        <line num="28" count="8" type="cond" truecount="4" falsecount="0"/>
        <line num="29" count="1" type="stmt"/>
        <line num="32" count="7" type="stmt"/>
        <line num="33" count="10" type="stmt"/>
        <line num="34" count="10" type="stmt"/>
        <line num="35" count="10" type="cond" truecount="3" falsecount="3"/>
        <line num="37" count="0" type="stmt"/>
        <line num="39" count="10" type="cond" truecount="2" falsecount="0"/>
        <line num="40" count="6" type="stmt"/>
        <line num="42" count="4" type="cond" truecount="4" falsecount="0"/>
        <line num="43" count="3" type="stmt"/>
        <line num="45" count="1" type="cond" truecount="2" falsecount="2"/>
        <line num="46" count="0" type="stmt"/>
        <line num="49" count="1" type="stmt"/>
        <line num="51" count="7" type="cond" truecount="2" falsecount="0"/>
        <line num="55" count="0" type="cond" truecount="0" falsecount="2"/>
        <line num="56" count="0" type="stmt"/>
        <line num="59" count="0" type="stmt"/>
        <line num="60" count="0" type="cond" truecount="0" falsecount="4"/>
        <line num="61" count="0" type="stmt"/>
        <line num="63" count="0" type="cond" truecount="0" falsecount="4"/>
        <line num="64" count="0" type="stmt"/>
        <line num="67" count="0" type="stmt"/>
        <line num="69" count="0" type="stmt"/>
        <line num="72" count="1" type="stmt"/>
        <line num="79" count="2" type="stmt"/>
        <line num="81" count="2" type="stmt"/>
        <line num="82" count="6" type="cond" truecount="1" falsecount="1"/>
        <line num="83" count="6" type="stmt"/>
        <line num="86" count="2" type="stmt"/>
        <line num="89" count="1" type="stmt"/>
        <line num="97" count="6" type="cond" truecount="2" falsecount="0"/>
        <line num="98" count="2" type="stmt"/>
        <line num="100" count="4" type="cond" truecount="3" falsecount="0"/>
        <line num="103" count="1" type="stmt"/>
        <line num="104" count="1" type="stmt"/>
        <line num="105" count="1" type="stmt"/>
        <line num="110" count="2" type="stmt"/>
        <line num="114" count="2" type="stmt"/>
        <line num="115" count="2" type="stmt"/>
        <line num="119" count="2" type="stmt"/>
        <line num="124" count="2" type="stmt"/>
        <line num="127" count="1" type="stmt"/>
        <line num="129" count="1" type="stmt"/>
        <line num="132" count="1" type="stmt"/>
      </file>
    </package>
  </project>
</coverage>
