{"D:\\CoursesDevEducation\\Practice\\Practice\\Practice1\\Practice1.js": {"path":"D:\\CoursesDevEducation\\Practice\\Practice\\Practice1\\Practice1.js","all":false,"statementMap":{"0":{"start":{"line":1,"column":0},"end":{"line":1,"column":28}},"1":{"start":{"line":2,"column":0},"end":{"line":2,"column":20}},"2":{"start":{"line":3,"column":0},"end":{"line":3,"column":0}},"3":{"start":{"line":4,"column":0},"end":{"line":4,"column":42}},"4":{"start":{"line":5,"column":0},"end":{"line":5,"column":49}},"5":{"start":{"line":6,"column":0},"end":{"line":6,"column":28}},"6":{"start":{"line":7,"column":0},"end":{"line":7,"column":32}},"7":{"start":{"line":8,"column":0},"end":{"line":8,"column":5}},"8":{"start":{"line":9,"column":0},"end":{"line":9,"column":18}},"9":{"start":{"line":10,"column":0},"end":{"line":10,"column":1}},"10":{"start":{"line":11,"column":0},"end":{"line":11,"column":0}},"11":{"start":{"line":12,"column":0},"end":{"line":12,"column":36}},"12":{"start":{"line":13,"column":0},"end":{"line":13,"column":0}},"13":{"start":{"line":14,"column":0},"end":{"line":14,"column":0}},"14":{"start":{"line":15,"column":0},"end":{"line":15,"column":25}},"15":{"start":{"line":16,"column":0},"end":{"line":16,"column":36}},"16":{"start":{"line":17,"column":0},"end":{"line":17,"column":0}},"17":{"start":{"line":18,"column":0},"end":{"line":18,"column":1}},"18":{"start":{"line":19,"column":0},"end":{"line":19,"column":0}},"19":{"start":{"line":20,"column":0},"end":{"line":20,"column":28}},"20":{"start":{"line":21,"column":0},"end":{"line":21,"column":91}},"21":{"start":{"line":22,"column":0},"end":{"line":22,"column":0}},"22":{"start":{"line":23,"column":0},"end":{"line":23,"column":1}},"23":{"start":{"line":24,"column":0},"end":{"line":24,"column":0}},"24":{"start":{"line":25,"column":0},"end":{"line":25,"column":29}},"25":{"start":{"line":26,"column":0},"end":{"line":26,"column":41}},"26":{"start":{"line":27,"column":0},"end":{"line":27,"column":129}},"27":{"start":{"line":28,"column":0},"end":{"line":28,"column":27}},"28":{"start":{"line":29,"column":0},"end":{"line":29,"column":16}},"29":{"start":{"line":30,"column":0},"end":{"line":30,"column":29}},"30":{"start":{"line":31,"column":0},"end":{"line":31,"column":9}},"31":{"start":{"line":32,"column":0},"end":{"line":32,"column":5}},"32":{"start":{"line":33,"column":0},"end":{"line":33,"column":0}},"33":{"start":{"line":34,"column":0},"end":{"line":34,"column":34}},"34":{"start":{"line":35,"column":0},"end":{"line":35,"column":1}},"35":{"start":{"line":36,"column":0},"end":{"line":36,"column":0}},"36":{"start":{"line":37,"column":0},"end":{"line":37,"column":35}},"37":{"start":{"line":38,"column":0},"end":{"line":38,"column":0}},"38":{"start":{"line":39,"column":0},"end":{"line":39,"column":36}},"39":{"start":{"line":40,"column":0},"end":{"line":40,"column":0}},"40":{"start":{"line":41,"column":0},"end":{"line":41,"column":26}},"41":{"start":{"line":42,"column":0},"end":{"line":42,"column":19}},"42":{"start":{"line":43,"column":0},"end":{"line":43,"column":0}},"43":{"start":{"line":44,"column":0},"end":{"line":44,"column":32}},"44":{"start":{"line":45,"column":0},"end":{"line":45,"column":21}},"45":{"start":{"line":46,"column":0},"end":{"line":46,"column":5}},"46":{"start":{"line":47,"column":0},"end":{"line":47,"column":0}},"47":{"start":{"line":48,"column":0},"end":{"line":48,"column":53}},"48":{"start":{"line":49,"column":0},"end":{"line":49,"column":19}},"49":{"start":{"line":50,"column":0},"end":{"line":50,"column":24}},"50":{"start":{"line":51,"column":0},"end":{"line":51,"column":28}},"51":{"start":{"line":52,"column":0},"end":{"line":52,"column":18}},"52":{"start":{"line":53,"column":0},"end":{"line":53,"column":1}},"53":{"start":{"line":54,"column":0},"end":{"line":54,"column":0}},"54":{"start":{"line":55,"column":0},"end":{"line":55,"column":31}},"55":{"start":{"line":56,"column":0},"end":{"line":56,"column":0}},"56":{"start":{"line":57,"column":0},"end":{"line":57,"column":29}},"57":{"start":{"line":58,"column":0},"end":{"line":58,"column":23}},"58":{"start":{"line":59,"column":0},"end":{"line":59,"column":18}},"59":{"start":{"line":60,"column":0},"end":{"line":60,"column":23}},"60":{"start":{"line":61,"column":0},"end":{"line":61,"column":20}},"61":{"start":{"line":62,"column":0},"end":{"line":62,"column":0}},"62":{"start":{"line":63,"column":0},"end":{"line":63,"column":37}},"63":{"start":{"line":64,"column":0},"end":{"line":64,"column":30}},"64":{"start":{"line":65,"column":0},"end":{"line":65,"column":28}},"65":{"start":{"line":66,"column":0},"end":{"line":66,"column":9}},"66":{"start":{"line":67,"column":0},"end":{"line":67,"column":5}},"67":{"start":{"line":68,"column":0},"end":{"line":68,"column":20}},"68":{"start":{"line":69,"column":0},"end":{"line":69,"column":24}},"69":{"start":{"line":70,"column":0},"end":{"line":70,"column":5}},"70":{"start":{"line":71,"column":0},"end":{"line":71,"column":0}},"71":{"start":{"line":72,"column":0},"end":{"line":72,"column":26}},"72":{"start":{"line":73,"column":0},"end":{"line":73,"column":22}},"73":{"start":{"line":74,"column":0},"end":{"line":74,"column":26}},"74":{"start":{"line":75,"column":0},"end":{"line":75,"column":0}},"75":{"start":{"line":76,"column":0},"end":{"line":76,"column":27}},"76":{"start":{"line":77,"column":0},"end":{"line":77,"column":27}},"77":{"start":{"line":78,"column":0},"end":{"line":78,"column":31}},"78":{"start":{"line":79,"column":0},"end":{"line":79,"column":0}},"79":{"start":{"line":80,"column":0},"end":{"line":80,"column":50}},"80":{"start":{"line":81,"column":0},"end":{"line":81,"column":1}},"81":{"start":{"line":82,"column":0},"end":{"line":82,"column":0}},"82":{"start":{"line":83,"column":0},"end":{"line":83,"column":28}},"83":{"start":{"line":84,"column":0},"end":{"line":84,"column":0}},"84":{"start":{"line":85,"column":0},"end":{"line":85,"column":0}},"85":{"start":{"line":86,"column":0},"end":{"line":86,"column":18}},"86":{"start":{"line":87,"column":0},"end":{"line":87,"column":17}},"87":{"start":{"line":88,"column":0},"end":{"line":88,"column":20}},"88":{"start":{"line":89,"column":0},"end":{"line":89,"column":18}},"89":{"start":{"line":90,"column":0},"end":{"line":90,"column":14}},"90":{"start":{"line":91,"column":0},"end":{"line":91,"column":15}},"91":{"start":{"line":92,"column":0},"end":{"line":92,"column":1}}},"s":{"0":3,"1":3,"2":3,"3":3,"4":16,"5":6,"6":16,"7":16,"8":3,"9":3,"10":1,"11":1,"12":1,"13":1,"14":9,"15":9,"16":9,"17":9,"18":1,"19":10,"20":10,"21":10,"22":10,"23":1,"24":13,"25":13,"26":13,"27":9,"28":13,"29":4,"30":4,"31":13,"32":0,"33":0,"34":0,"35":1,"36":1,"37":1,"38":1,"39":1,"40":4,"41":4,"42":4,"43":4,"44":1,"45":1,"46":3,"47":4,"48":2,"49":2,"50":4,"51":3,"52":3,"53":1,"54":1,"55":1,"56":5,"57":5,"58":5,"59":5,"60":5,"61":5,"62":5,"63":26,"64":2,"65":2,"66":26,"67":5,"68":1,"69":1,"70":5,"71":5,"72":3,"73":5,"74":5,"75":5,"76":2,"77":5,"78":5,"79":5,"80":5,"81":1,"82":1,"83":1,"84":1,"85":1,"86":1,"87":1,"88":1,"89":1,"90":1,"91":1},"branchMap":{"0":{"type":"branch","line":1,"loc":{"start":{"line":1,"column":0},"end":{"line":10,"column":1}},"locations":[{"start":{"line":1,"column":0},"end":{"line":10,"column":1}}]},"1":{"type":"branch","line":4,"loc":{"start":{"line":4,"column":41},"end":{"line":8,"column":5}},"locations":[{"start":{"line":4,"column":41},"end":{"line":8,"column":5}}]},"2":{"type":"branch","line":5,"loc":{"start":{"line":5,"column":48},"end":{"line":7,"column":15}},"locations":[{"start":{"line":5,"column":48},"end":{"line":7,"column":15}}]},"3":{"type":"branch","line":7,"loc":{"start":{"line":7,"column":9},"end":{"line":7,"column":21}},"locations":[{"start":{"line":7,"column":9},"end":{"line":7,"column":21}}]},"4":{"type":"branch","line":15,"loc":{"start":{"line":15,"column":0},"end":{"line":18,"column":1}},"locations":[{"start":{"line":15,"column":0},"end":{"line":18,"column":1}}]},"5":{"type":"branch","line":20,"loc":{"start":{"line":20,"column":0},"end":{"line":23,"column":1}},"locations":[{"start":{"line":20,"column":0},"end":{"line":23,"column":1}}]},"6":{"type":"branch","line":21,"loc":{"start":{"line":21,"column":58},"end":{"line":21,"column":72}},"locations":[{"start":{"line":21,"column":58},"end":{"line":21,"column":72}}]},"7":{"type":"branch","line":25,"loc":{"start":{"line":25,"column":0},"end":{"line":35,"column":1}},"locations":[{"start":{"line":25,"column":0},"end":{"line":35,"column":1}}]},"8":{"type":"branch","line":26,"loc":{"start":{"line":26,"column":11},"end":{"line":26,"column":40}},"locations":[{"start":{"line":26,"column":11},"end":{"line":26,"column":40}}]},"9":{"type":"branch","line":27,"loc":{"start":{"line":27,"column":12},"end":{"line":27,"column":51}},"locations":[{"start":{"line":27,"column":12},"end":{"line":27,"column":51}}]},"10":{"type":"branch","line":27,"loc":{"start":{"line":27,"column":12},"end":{"line":27,"column":64}},"locations":[{"start":{"line":27,"column":12},"end":{"line":27,"column":64}}]},"11":{"type":"branch","line":27,"loc":{"start":{"line":27,"column":12},"end":{"line":27,"column":15}},"locations":[{"start":{"line":27,"column":12},"end":{"line":27,"column":15}}]},"12":{"type":"branch","line":27,"loc":{"start":{"line":27,"column":73},"end":{"line":27,"column":108}},"locations":[{"start":{"line":27,"column":73},"end":{"line":27,"column":108}}]},"13":{"type":"branch","line":27,"loc":{"start":{"line":27,"column":128},"end":{"line":29,"column":15}},"locations":[{"start":{"line":27,"column":128},"end":{"line":29,"column":15}}]},"14":{"type":"branch","line":29,"loc":{"start":{"line":29,"column":9},"end":{"line":31,"column":9}},"locations":[{"start":{"line":29,"column":9},"end":{"line":31,"column":9}}]},"15":{"type":"branch","line":33,"loc":{"start":{"line":33,"column":-2},"end":{"line":35,"column":1}},"locations":[{"start":{"line":33,"column":-2},"end":{"line":35,"column":1}}]},"16":{"type":"branch","line":41,"loc":{"start":{"line":41,"column":0},"end":{"line":53,"column":1}},"locations":[{"start":{"line":41,"column":0},"end":{"line":53,"column":1}}]},"17":{"type":"branch","line":44,"loc":{"start":{"line":44,"column":31},"end":{"line":46,"column":5}},"locations":[{"start":{"line":44,"column":31},"end":{"line":46,"column":5}}]},"18":{"type":"branch","line":47,"loc":{"start":{"line":47,"column":-2},"end":{"line":48,"column":9}},"locations":[{"start":{"line":47,"column":-2},"end":{"line":48,"column":9}}]},"19":{"type":"branch","line":48,"loc":{"start":{"line":48,"column":8},"end":{"line":48,"column":38}},"locations":[{"start":{"line":48,"column":8},"end":{"line":48,"column":38}}]},"20":{"type":"branch","line":48,"loc":{"start":{"line":48,"column":8},"end":{"line":48,"column":52}},"locations":[{"start":{"line":48,"column":8},"end":{"line":48,"column":52}}]},"21":{"type":"branch","line":48,"loc":{"start":{"line":48,"column":52},"end":{"line":51,"column":11}},"locations":[{"start":{"line":48,"column":52},"end":{"line":51,"column":11}}]},"22":{"type":"branch","line":51,"loc":{"start":{"line":51,"column":5},"end":{"line":51,"column":17}},"locations":[{"start":{"line":51,"column":5},"end":{"line":51,"column":17}}]},"23":{"type":"branch","line":51,"loc":{"start":{"line":51,"column":11},"end":{"line":53,"column":1}},"locations":[{"start":{"line":51,"column":11},"end":{"line":53,"column":1}}]},"24":{"type":"branch","line":57,"loc":{"start":{"line":57,"column":0},"end":{"line":81,"column":1}},"locations":[{"start":{"line":57,"column":0},"end":{"line":81,"column":1}}]},"25":{"type":"branch","line":63,"loc":{"start":{"line":63,"column":36},"end":{"line":67,"column":5}},"locations":[{"start":{"line":63,"column":36},"end":{"line":67,"column":5}}]},"26":{"type":"branch","line":64,"loc":{"start":{"line":64,"column":29},"end":{"line":66,"column":9}},"locations":[{"start":{"line":64,"column":29},"end":{"line":66,"column":9}}]},"27":{"type":"branch","line":68,"loc":{"start":{"line":68,"column":19},"end":{"line":70,"column":5}},"locations":[{"start":{"line":68,"column":19},"end":{"line":70,"column":5}}]},"28":{"type":"branch","line":72,"loc":{"start":{"line":72,"column":25},"end":{"line":74,"column":11}},"locations":[{"start":{"line":72,"column":25},"end":{"line":74,"column":11}}]},"29":{"type":"branch","line":74,"loc":{"start":{"line":74,"column":5},"end":{"line":74,"column":15}},"locations":[{"start":{"line":74,"column":5},"end":{"line":74,"column":15}}]},"30":{"type":"branch","line":76,"loc":{"start":{"line":76,"column":26},"end":{"line":78,"column":11}},"locations":[{"start":{"line":76,"column":26},"end":{"line":78,"column":11}}]},"31":{"type":"branch","line":78,"loc":{"start":{"line":78,"column":5},"end":{"line":78,"column":20}},"locations":[{"start":{"line":78,"column":5},"end":{"line":78,"column":20}}]}},"b":{"0":[3],"1":[16],"2":[6],"3":[10],"4":[9],"5":[10],"6":[46],"7":[13],"8":[0],"9":[11],"10":[10],"11":[9],"12":[1],"13":[9],"14":[4],"15":[0],"16":[4],"17":[1],"18":[3],"19":[2],"20":[2],"21":[2],"22":[1],"23":[3],"24":[5],"25":[26],"26":[2],"27":[1],"28":[3],"29":[2],"30":[2],"31":[3]},"fnMap":{"0":{"name":"isPalindrome","decl":{"start":{"line":1,"column":0},"end":{"line":10,"column":1}},"loc":{"start":{"line":1,"column":0},"end":{"line":10,"column":1}},"line":1},"1":{"name":"isSymbol","decl":{"start":{"line":15,"column":0},"end":{"line":18,"column":1}},"loc":{"start":{"line":15,"column":0},"end":{"line":18,"column":1}},"line":15},"2":{"name":"checkSymbols","decl":{"start":{"line":20,"column":0},"end":{"line":23,"column":1}},"loc":{"start":{"line":20,"column":0},"end":{"line":23,"column":1}},"line":20},"3":{"name":"isValidString","decl":{"start":{"line":25,"column":0},"end":{"line":35,"column":1}},"loc":{"start":{"line":25,"column":0},"end":{"line":35,"column":1}},"line":25},"4":{"name":"sumNumber","decl":{"start":{"line":41,"column":0},"end":{"line":53,"column":1}},"loc":{"start":{"line":41,"column":0},"end":{"line":53,"column":1}},"line":41},"5":{"name":"checkNumber","decl":{"start":{"line":57,"column":0},"end":{"line":81,"column":1}},"loc":{"start":{"line":57,"column":0},"end":{"line":81,"column":1}},"line":57}},"f":{"0":3,"1":9,"2":10,"3":13,"4":4,"5":5}}
,"D:\\CoursesDevEducation\\Practice\\Practice\\Practice2\\SvyrydaPractice2.js": {"path":"D:\\CoursesDevEducation\\Practice\\Practice\\Practice2\\SvyrydaPractice2.js","all":false,"statementMap":{"0":{"start":{"line":1,"column":0},"end":{"line":1,"column":27}},"1":{"start":{"line":2,"column":0},"end":{"line":2,"column":20}},"2":{"start":{"line":3,"column":0},"end":{"line":3,"column":0}},"3":{"start":{"line":4,"column":0},"end":{"line":4,"column":34}},"4":{"start":{"line":5,"column":0},"end":{"line":5,"column":41}},"5":{"start":{"line":6,"column":0},"end":{"line":6,"column":49}},"6":{"start":{"line":7,"column":0},"end":{"line":7,"column":33}},"7":{"start":{"line":8,"column":0},"end":{"line":8,"column":45}},"8":{"start":{"line":9,"column":0},"end":{"line":9,"column":33}},"9":{"start":{"line":10,"column":0},"end":{"line":10,"column":43}},"10":{"start":{"line":11,"column":0},"end":{"line":11,"column":16}},"11":{"start":{"line":12,"column":0},"end":{"line":12,"column":44}},"12":{"start":{"line":13,"column":0},"end":{"line":13,"column":9}},"13":{"start":{"line":14,"column":0},"end":{"line":14,"column":5}},"14":{"start":{"line":15,"column":0},"end":{"line":15,"column":18}},"15":{"start":{"line":16,"column":0},"end":{"line":16,"column":1}},"16":{"start":{"line":17,"column":0},"end":{"line":17,"column":30}},"17":{"start":{"line":18,"column":0},"end":{"line":18,"column":0}},"18":{"start":{"line":19,"column":0},"end":{"line":19,"column":17}},"19":{"start":{"line":20,"column":0},"end":{"line":20,"column":0}},"20":{"start":{"line":21,"column":0},"end":{"line":21,"column":24}},"21":{"start":{"line":22,"column":0},"end":{"line":22,"column":20}},"22":{"start":{"line":23,"column":0},"end":{"line":23,"column":35}},"23":{"start":{"line":24,"column":0},"end":{"line":24,"column":35}},"24":{"start":{"line":25,"column":0},"end":{"line":25,"column":36}},"25":{"start":{"line":26,"column":0},"end":{"line":26,"column":19}},"26":{"start":{"line":27,"column":0},"end":{"line":27,"column":10}},"27":{"start":{"line":28,"column":0},"end":{"line":28,"column":42}},"28":{"start":{"line":29,"column":0},"end":{"line":29,"column":3}},"29":{"start":{"line":30,"column":0},"end":{"line":30,"column":2}},"30":{"start":{"line":31,"column":0},"end":{"line":31,"column":18}},"31":{"start":{"line":32,"column":0},"end":{"line":32,"column":1}},"32":{"start":{"line":33,"column":0},"end":{"line":33,"column":0}},"33":{"start":{"line":34,"column":0},"end":{"line":34,"column":25}},"34":{"start":{"line":35,"column":0},"end":{"line":35,"column":0}},"35":{"start":{"line":36,"column":0},"end":{"line":36,"column":16}},"36":{"start":{"line":37,"column":0},"end":{"line":37,"column":0}},"37":{"start":{"line":38,"column":0},"end":{"line":38,"column":20}},"38":{"start":{"line":39,"column":0},"end":{"line":39,"column":21}},"39":{"start":{"line":40,"column":0},"end":{"line":40,"column":0}},"40":{"start":{"line":41,"column":0},"end":{"line":41,"column":59}},"41":{"start":{"line":42,"column":0},"end":{"line":42,"column":47}},"42":{"start":{"line":43,"column":0},"end":{"line":43,"column":5}},"43":{"start":{"line":44,"column":0},"end":{"line":44,"column":19}},"44":{"start":{"line":45,"column":0},"end":{"line":45,"column":1}},"45":{"start":{"line":46,"column":0},"end":{"line":46,"column":0}},"46":{"start":{"line":47,"column":0},"end":{"line":47,"column":32}},"47":{"start":{"line":48,"column":0},"end":{"line":48,"column":27}},"48":{"start":{"line":49,"column":0},"end":{"line":49,"column":27}},"49":{"start":{"line":50,"column":0},"end":{"line":50,"column":0}},"50":{"start":{"line":51,"column":0},"end":{"line":51,"column":66}},"51":{"start":{"line":52,"column":0},"end":{"line":52,"column":21}},"52":{"start":{"line":53,"column":0},"end":{"line":53,"column":5}},"53":{"start":{"line":54,"column":0},"end":{"line":54,"column":0}},"54":{"start":{"line":55,"column":0},"end":{"line":55,"column":29}},"55":{"start":{"line":56,"column":0},"end":{"line":56,"column":42}},"56":{"start":{"line":57,"column":0},"end":{"line":57,"column":25}},"57":{"start":{"line":58,"column":0},"end":{"line":58,"column":9}},"58":{"start":{"line":59,"column":0},"end":{"line":59,"column":5}},"59":{"start":{"line":60,"column":0},"end":{"line":60,"column":16}},"60":{"start":{"line":61,"column":0},"end":{"line":61,"column":1}},"61":{"start":{"line":62,"column":0},"end":{"line":62,"column":0}},"62":{"start":{"line":63,"column":0},"end":{"line":63,"column":43}},"63":{"start":{"line":64,"column":0},"end":{"line":64,"column":0}},"64":{"start":{"line":65,"column":0},"end":{"line":65,"column":18}},"65":{"start":{"line":66,"column":0},"end":{"line":66,"column":18}},"66":{"start":{"line":67,"column":0},"end":{"line":67,"column":15}},"67":{"start":{"line":68,"column":0},"end":{"line":68,"column":13}},"68":{"start":{"line":69,"column":0},"end":{"line":69,"column":1}}},"s":{"0":2,"1":2,"2":2,"3":2,"4":26,"5":1,"6":26,"7":7,"8":25,"9":4,"10":18,"11":14,"12":14,"13":26,"14":2,"15":2,"16":1,"17":1,"18":1,"19":1,"20":2,"21":2,"22":2,"23":32,"24":632,"25":2,"26":2,"27":630,"28":630,"29":32,"30":2,"31":2,"32":1,"33":1,"34":1,"35":1,"36":1,"37":4,"38":4,"39":4,"40":4,"41":52,"42":52,"43":4,"44":4,"45":1,"46":2,"47":2,"48":2,"49":2,"50":2,"51":1,"52":1,"53":1,"54":2,"55":8,"56":0,"57":0,"58":8,"59":1,"60":1,"61":1,"62":1,"63":1,"64":1,"65":1,"66":1,"67":1,"68":1},"branchMap":{"0":{"type":"branch","line":1,"loc":{"start":{"line":1,"column":0},"end":{"line":16,"column":1}},"locations":[{"start":{"line":1,"column":0},"end":{"line":16,"column":1}}]},"1":{"type":"branch","line":4,"loc":{"start":{"line":4,"column":33},"end":{"line":14,"column":5}},"locations":[{"start":{"line":4,"column":33},"end":{"line":14,"column":5}}]},"2":{"type":"branch","line":5,"loc":{"start":{"line":5,"column":12},"end":{"line":5,"column":40}},"locations":[{"start":{"line":5,"column":12},"end":{"line":5,"column":40}}]},"3":{"type":"branch","line":5,"loc":{"start":{"line":5,"column":40},"end":{"line":7,"column":15}},"locations":[{"start":{"line":5,"column":40},"end":{"line":7,"column":15}}]},"4":{"type":"branch","line":7,"loc":{"start":{"line":7,"column":9},"end":{"line":13,"column":9}},"locations":[{"start":{"line":7,"column":9},"end":{"line":13,"column":9}}]},"5":{"type":"branch","line":7,"loc":{"start":{"line":7,"column":32},"end":{"line":9,"column":15}},"locations":[{"start":{"line":7,"column":32},"end":{"line":9,"column":15}}]},"6":{"type":"branch","line":9,"loc":{"start":{"line":9,"column":9},"end":{"line":13,"column":9}},"locations":[{"start":{"line":9,"column":9},"end":{"line":13,"column":9}}]},"7":{"type":"branch","line":9,"loc":{"start":{"line":9,"column":32},"end":{"line":11,"column":15}},"locations":[{"start":{"line":9,"column":32},"end":{"line":11,"column":15}}]},"8":{"type":"branch","line":11,"loc":{"start":{"line":11,"column":9},"end":{"line":13,"column":9}},"locations":[{"start":{"line":11,"column":9},"end":{"line":13,"column":9}}]},"9":{"type":"branch","line":21,"loc":{"start":{"line":21,"column":0},"end":{"line":32,"column":1}},"locations":[{"start":{"line":21,"column":0},"end":{"line":32,"column":1}}]},"10":{"type":"branch","line":23,"loc":{"start":{"line":23,"column":34},"end":{"line":30,"column":2}},"locations":[{"start":{"line":23,"column":34},"end":{"line":30,"column":2}}]},"11":{"type":"branch","line":24,"loc":{"start":{"line":24,"column":34},"end":{"line":29,"column":3}},"locations":[{"start":{"line":24,"column":34},"end":{"line":29,"column":3}}]},"12":{"type":"branch","line":25,"loc":{"start":{"line":25,"column":13},"end":{"line":25,"column":35}},"locations":[{"start":{"line":25,"column":13},"end":{"line":25,"column":35}}]},"13":{"type":"branch","line":25,"loc":{"start":{"line":25,"column":35},"end":{"line":27,"column":10}},"locations":[{"start":{"line":25,"column":35},"end":{"line":27,"column":10}}]},"14":{"type":"branch","line":28,"loc":{"start":{"line":28,"column":-2},"end":{"line":29,"column":3}},"locations":[{"start":{"line":28,"column":-2},"end":{"line":29,"column":3}}]},"15":{"type":"branch","line":38,"loc":{"start":{"line":38,"column":0},"end":{"line":45,"column":1}},"locations":[{"start":{"line":38,"column":0},"end":{"line":45,"column":1}}]},"16":{"type":"branch","line":41,"loc":{"start":{"line":41,"column":58},"end":{"line":43,"column":5}},"locations":[{"start":{"line":41,"column":58},"end":{"line":43,"column":5}}]},"17":{"type":"branch","line":42,"loc":{"start":{"line":42,"column":24},"end":{"line":42,"column":47}},"locations":[{"start":{"line":42,"column":24},"end":{"line":42,"column":47}}]},"18":{"type":"branch","line":47,"loc":{"start":{"line":47,"column":0},"end":{"line":61,"column":1}},"locations":[{"start":{"line":47,"column":0},"end":{"line":61,"column":1}}]},"19":{"type":"branch","line":51,"loc":{"start":{"line":51,"column":65},"end":{"line":55,"column":9}},"locations":[{"start":{"line":51,"column":65},"end":{"line":55,"column":9}}]},"20":{"type":"branch","line":55,"loc":{"start":{"line":55,"column":28},"end":{"line":59,"column":5}},"locations":[{"start":{"line":55,"column":28},"end":{"line":59,"column":5}}]},"21":{"type":"branch","line":56,"loc":{"start":{"line":56,"column":41},"end":{"line":58,"column":9}},"locations":[{"start":{"line":56,"column":41},"end":{"line":58,"column":9}}]},"22":{"type":"branch","line":60,"loc":{"start":{"line":60,"column":-2},"end":{"line":61,"column":1}},"locations":[{"start":{"line":60,"column":-2},"end":{"line":61,"column":1}}]}},"b":{"0":[2],"1":[26],"2":[8],"3":[1],"4":[25],"5":[7],"6":[18],"7":[4],"8":[14],"9":[2],"10":[32],"11":[632],"12":[32],"13":[2],"14":[630],"15":[4],"16":[52],"17":[31],"18":[2],"19":[1],"20":[8],"21":[0],"22":[1]},"fnMap":{"0":{"name":"returnNumbers","decl":{"start":{"line":1,"column":0},"end":{"line":16,"column":1}},"loc":{"start":{"line":1,"column":0},"end":{"line":16,"column":1}},"line":1},"1":{"name":"outOfCycle","decl":{"start":{"line":21,"column":0},"end":{"line":32,"column":1}},"loc":{"start":{"line":21,"column":0},"end":{"line":32,"column":1}},"line":21},"2":{"name":"char","decl":{"start":{"line":38,"column":0},"end":{"line":45,"column":1}},"loc":{"start":{"line":38,"column":0},"end":{"line":45,"column":1}},"line":38},"3":{"name":"isAnagram","decl":{"start":{"line":47,"column":0},"end":{"line":61,"column":1}},"loc":{"start":{"line":47,"column":0},"end":{"line":61,"column":1}},"line":47}},"f":{"0":2,"1":2,"2":4,"3":2}}
,"D:\\CoursesDevEducation\\Practice\\Practice\\Practice4\\SvyrydaPractice4.js": {"path":"D:\\CoursesDevEducation\\Practice\\Practice\\Practice4\\SvyrydaPractice4.js","all":false,"statementMap":{"0":{"start":{"line":1,"column":0},"end":{"line":1,"column":27}},"1":{"start":{"line":2,"column":0},"end":{"line":2,"column":42}},"2":{"start":{"line":3,"column":0},"end":{"line":3,"column":45}},"3":{"start":{"line":4,"column":0},"end":{"line":4,"column":50}},"4":{"start":{"line":5,"column":0},"end":{"line":5,"column":28}},"5":{"start":{"line":6,"column":0},"end":{"line":6,"column":13}},"6":{"start":{"line":7,"column":0},"end":{"line":7,"column":9}},"7":{"start":{"line":8,"column":0},"end":{"line":8,"column":5}},"8":{"start":{"line":9,"column":0},"end":{"line":9,"column":17}},"9":{"start":{"line":10,"column":0},"end":{"line":10,"column":1}},"10":{"start":{"line":11,"column":0},"end":{"line":11,"column":0}},"11":{"start":{"line":12,"column":0},"end":{"line":12,"column":37}},"12":{"start":{"line":13,"column":0},"end":{"line":13,"column":0}},"13":{"start":{"line":14,"column":0},"end":{"line":14,"column":28}},"14":{"start":{"line":15,"column":0},"end":{"line":15,"column":20}},"15":{"start":{"line":16,"column":0},"end":{"line":16,"column":0}},"16":{"start":{"line":17,"column":0},"end":{"line":17,"column":42}},"17":{"start":{"line":18,"column":0},"end":{"line":18,"column":36}},"18":{"start":{"line":19,"column":0},"end":{"line":19,"column":57}},"19":{"start":{"line":20,"column":0},"end":{"line":20,"column":35}},"20":{"start":{"line":21,"column":0},"end":{"line":21,"column":5}},"21":{"start":{"line":22,"column":0},"end":{"line":22,"column":18}},"22":{"start":{"line":23,"column":0},"end":{"line":23,"column":1}},"23":{"start":{"line":24,"column":0},"end":{"line":24,"column":0}},"24":{"start":{"line":25,"column":0},"end":{"line":25,"column":46}},"25":{"start":{"line":26,"column":0},"end":{"line":26,"column":0}},"26":{"start":{"line":27,"column":0},"end":{"line":27,"column":31}},"27":{"start":{"line":28,"column":0},"end":{"line":28,"column":22}},"28":{"start":{"line":29,"column":0},"end":{"line":29,"column":18}},"29":{"start":{"line":30,"column":0},"end":{"line":30,"column":32}},"30":{"start":{"line":31,"column":0},"end":{"line":31,"column":52}},"31":{"start":{"line":32,"column":0},"end":{"line":32,"column":22}},"32":{"start":{"line":33,"column":0},"end":{"line":33,"column":5}},"33":{"start":{"line":34,"column":0},"end":{"line":34,"column":18}},"34":{"start":{"line":35,"column":0},"end":{"line":35,"column":1}},"35":{"start":{"line":36,"column":0},"end":{"line":36,"column":0}},"36":{"start":{"line":37,"column":0},"end":{"line":37,"column":38}},"37":{"start":{"line":38,"column":0},"end":{"line":38,"column":0}},"38":{"start":{"line":39,"column":0},"end":{"line":39,"column":24}},"39":{"start":{"line":40,"column":0},"end":{"line":40,"column":24}},"40":{"start":{"line":41,"column":0},"end":{"line":41,"column":46}},"41":{"start":{"line":42,"column":0},"end":{"line":42,"column":25}},"42":{"start":{"line":43,"column":0},"end":{"line":43,"column":9}},"43":{"start":{"line":44,"column":0},"end":{"line":44,"column":5}},"44":{"start":{"line":45,"column":0},"end":{"line":45,"column":24}},"45":{"start":{"line":46,"column":0},"end":{"line":46,"column":47}},"46":{"start":{"line":47,"column":0},"end":{"line":47,"column":25}},"47":{"start":{"line":48,"column":0},"end":{"line":48,"column":9}},"48":{"start":{"line":49,"column":0},"end":{"line":49,"column":5}},"49":{"start":{"line":50,"column":0},"end":{"line":50,"column":16}},"50":{"start":{"line":51,"column":0},"end":{"line":51,"column":1}},"51":{"start":{"line":52,"column":0},"end":{"line":52,"column":0}},"52":{"start":{"line":53,"column":0},"end":{"line":53,"column":48}},"53":{"start":{"line":54,"column":0},"end":{"line":54,"column":0}},"54":{"start":{"line":55,"column":0},"end":{"line":55,"column":18}},"55":{"start":{"line":56,"column":0},"end":{"line":56,"column":12}},"56":{"start":{"line":57,"column":0},"end":{"line":57,"column":17}},"57":{"start":{"line":58,"column":0},"end":{"line":58,"column":14}},"58":{"start":{"line":59,"column":0},"end":{"line":59,"column":11}},"59":{"start":{"line":60,"column":0},"end":{"line":60,"column":1}}},"s":{"0":3,"1":3,"2":9,"3":35,"4":2,"5":2,"6":35,"7":7,"8":1,"9":1,"10":1,"11":1,"12":1,"13":8,"14":8,"15":8,"16":8,"17":20,"18":5,"19":20,"20":20,"21":8,"22":8,"23":1,"24":1,"25":1,"26":3,"27":3,"28":3,"29":3,"30":7,"31":7,"32":7,"33":3,"34":3,"35":1,"36":1,"37":1,"38":3,"39":3,"40":6,"41":1,"42":1,"43":6,"44":3,"45":4,"46":0,"47":0,"48":4,"49":2,"50":2,"51":1,"52":1,"53":1,"54":1,"55":1,"56":1,"57":1,"58":1,"59":1},"branchMap":{"0":{"type":"branch","line":1,"loc":{"start":{"line":1,"column":0},"end":{"line":10,"column":1}},"locations":[{"start":{"line":1,"column":0},"end":{"line":10,"column":1}}]},"1":{"type":"branch","line":2,"loc":{"start":{"line":2,"column":41},"end":{"line":8,"column":5}},"locations":[{"start":{"line":2,"column":41},"end":{"line":8,"column":5}}]},"2":{"type":"branch","line":3,"loc":{"start":{"line":3,"column":44},"end":{"line":7,"column":9}},"locations":[{"start":{"line":3,"column":44},"end":{"line":7,"column":9}}]},"3":{"type":"branch","line":4,"loc":{"start":{"line":4,"column":16},"end":{"line":4,"column":49}},"locations":[{"start":{"line":4,"column":16},"end":{"line":4,"column":49}}]},"4":{"type":"branch","line":4,"loc":{"start":{"line":4,"column":49},"end":{"line":6,"column":13}},"locations":[{"start":{"line":4,"column":49},"end":{"line":6,"column":13}}]},"5":{"type":"branch","line":8,"loc":{"start":{"line":8,"column":-2},"end":{"line":8,"column":5}},"locations":[{"start":{"line":8,"column":-2},"end":{"line":8,"column":5}}]},"6":{"type":"branch","line":9,"loc":{"start":{"line":9,"column":-2},"end":{"line":10,"column":1}},"locations":[{"start":{"line":9,"column":-2},"end":{"line":10,"column":1}}]},"7":{"type":"branch","line":14,"loc":{"start":{"line":14,"column":0},"end":{"line":23,"column":1}},"locations":[{"start":{"line":14,"column":0},"end":{"line":23,"column":1}}]},"8":{"type":"branch","line":17,"loc":{"start":{"line":17,"column":41},"end":{"line":21,"column":5}},"locations":[{"start":{"line":17,"column":41},"end":{"line":21,"column":5}}]},"9":{"type":"branch","line":18,"loc":{"start":{"line":18,"column":35},"end":{"line":20,"column":15}},"locations":[{"start":{"line":18,"column":35},"end":{"line":20,"column":15}}]},"10":{"type":"branch","line":20,"loc":{"start":{"line":20,"column":9},"end":{"line":20,"column":21}},"locations":[{"start":{"line":20,"column":9},"end":{"line":20,"column":21}}]},"11":{"type":"branch","line":27,"loc":{"start":{"line":27,"column":0},"end":{"line":35,"column":1}},"locations":[{"start":{"line":27,"column":0},"end":{"line":35,"column":1}}]},"12":{"type":"branch","line":30,"loc":{"start":{"line":30,"column":31},"end":{"line":33,"column":5}},"locations":[{"start":{"line":30,"column":31},"end":{"line":33,"column":5}}]},"13":{"type":"branch","line":39,"loc":{"start":{"line":39,"column":0},"end":{"line":51,"column":1}},"locations":[{"start":{"line":39,"column":0},"end":{"line":51,"column":1}}]},"14":{"type":"branch","line":40,"loc":{"start":{"line":40,"column":23},"end":{"line":44,"column":5}},"locations":[{"start":{"line":40,"column":23},"end":{"line":44,"column":5}}]},"15":{"type":"branch","line":41,"loc":{"start":{"line":41,"column":11},"end":{"line":41,"column":39}},"locations":[{"start":{"line":41,"column":11},"end":{"line":41,"column":39}}]},"16":{"type":"branch","line":41,"loc":{"start":{"line":41,"column":45},"end":{"line":43,"column":9}},"locations":[{"start":{"line":41,"column":45},"end":{"line":43,"column":9}}]},"17":{"type":"branch","line":45,"loc":{"start":{"line":45,"column":-2},"end":{"line":45,"column":9}},"locations":[{"start":{"line":45,"column":-2},"end":{"line":45,"column":9}}]},"18":{"type":"branch","line":45,"loc":{"start":{"line":45,"column":23},"end":{"line":49,"column":5}},"locations":[{"start":{"line":45,"column":23},"end":{"line":49,"column":5}}]},"19":{"type":"branch","line":46,"loc":{"start":{"line":46,"column":46},"end":{"line":48,"column":9}},"locations":[{"start":{"line":46,"column":46},"end":{"line":48,"column":9}}]},"20":{"type":"branch","line":50,"loc":{"start":{"line":50,"column":-2},"end":{"line":51,"column":1}},"locations":[{"start":{"line":50,"column":-2},"end":{"line":51,"column":1}}]}},"b":{"0":[3],"1":[9],"2":[35],"3":[26],"4":[2],"5":[7],"6":[1],"7":[8],"8":[20],"9":[5],"10":[15],"11":[3],"12":[7],"13":[3],"14":[6],"15":[5],"16":[1],"17":[2],"18":[4],"19":[0],"20":[2]},"fnMap":{"0":{"name":"sumElem","decl":{"start":{"line":1,"column":0},"end":{"line":10,"column":1}},"loc":{"start":{"line":1,"column":0},"end":{"line":10,"column":1}},"line":1},"1":{"name":"transformArr","decl":{"start":{"line":14,"column":0},"end":{"line":23,"column":1}},"loc":{"start":{"line":14,"column":0},"end":{"line":23,"column":1}},"line":14},"2":{"name":"divideArr","decl":{"start":{"line":27,"column":0},"end":{"line":35,"column":1}},"loc":{"start":{"line":27,"column":0},"end":{"line":35,"column":1}},"line":27},"3":{"name":"isEqual","decl":{"start":{"line":39,"column":0},"end":{"line":51,"column":1}},"loc":{"start":{"line":39,"column":0},"end":{"line":51,"column":1}},"line":39}},"f":{"0":3,"1":8,"2":3,"3":3}}
,"D:\\CoursesDevEducation\\Practice\\Practice\\Practice6\\script.js": {"path":"D:\\CoursesDevEducation\\Practice\\Practice\\Practice6\\script.js","all":false,"statementMap":{"0":{"start":{"line":1,"column":0},"end":{"line":1,"column":75}},"1":{"start":{"line":2,"column":0},"end":{"line":2,"column":33}},"2":{"start":{"line":3,"column":0},"end":{"line":3,"column":72}},"3":{"start":{"line":4,"column":0},"end":{"line":4,"column":0}},"4":{"start":{"line":5,"column":0},"end":{"line":5,"column":38}},"5":{"start":{"line":6,"column":0},"end":{"line":6,"column":39}},"6":{"start":{"line":7,"column":0},"end":{"line":7,"column":0}},"7":{"start":{"line":8,"column":0},"end":{"line":8,"column":47}},"8":{"start":{"line":9,"column":0},"end":{"line":9,"column":38}},"9":{"start":{"line":10,"column":0},"end":{"line":10,"column":19}},"10":{"start":{"line":11,"column":0},"end":{"line":11,"column":23}},"11":{"start":{"line":12,"column":0},"end":{"line":12,"column":33}},"12":{"start":{"line":13,"column":0},"end":{"line":13,"column":14}},"13":{"start":{"line":14,"column":0},"end":{"line":14,"column":9}},"14":{"start":{"line":15,"column":0},"end":{"line":15,"column":19}},"15":{"start":{"line":16,"column":0},"end":{"line":16,"column":11}},"16":{"start":{"line":17,"column":0},"end":{"line":17,"column":2}},"17":{"start":{"line":18,"column":0},"end":{"line":18,"column":0}},"18":{"start":{"line":19,"column":0},"end":{"line":19,"column":60}},"19":{"start":{"line":20,"column":0},"end":{"line":20,"column":0}},"20":{"start":{"line":21,"column":0},"end":{"line":21,"column":64}},"21":{"start":{"line":22,"column":0},"end":{"line":22,"column":110}},"22":{"start":{"line":23,"column":0},"end":{"line":23,"column":0}},"23":{"start":{"line":24,"column":0},"end":{"line":24,"column":34}},"24":{"start":{"line":25,"column":0},"end":{"line":25,"column":39}},"25":{"start":{"line":26,"column":0},"end":{"line":26,"column":39}},"26":{"start":{"line":27,"column":0},"end":{"line":27,"column":0}},"27":{"start":{"line":28,"column":0},"end":{"line":28,"column":57}},"28":{"start":{"line":29,"column":0},"end":{"line":29,"column":20}},"29":{"start":{"line":30,"column":0},"end":{"line":30,"column":5}},"30":{"start":{"line":31,"column":0},"end":{"line":31,"column":0}},"31":{"start":{"line":32,"column":0},"end":{"line":32,"column":43}},"32":{"start":{"line":33,"column":0},"end":{"line":33,"column":36}},"33":{"start":{"line":34,"column":0},"end":{"line":34,"column":36}},"34":{"start":{"line":35,"column":0},"end":{"line":35,"column":64}},"35":{"start":{"line":36,"column":0},"end":{"line":36,"column":60}},"36":{"start":{"line":37,"column":0},"end":{"line":37,"column":24}},"37":{"start":{"line":38,"column":0},"end":{"line":38,"column":9}},"38":{"start":{"line":39,"column":0},"end":{"line":39,"column":38}},"39":{"start":{"line":40,"column":0},"end":{"line":40,"column":24}},"40":{"start":{"line":41,"column":0},"end":{"line":41,"column":9}},"41":{"start":{"line":42,"column":0},"end":{"line":42,"column":77}},"42":{"start":{"line":43,"column":0},"end":{"line":43,"column":53}},"43":{"start":{"line":44,"column":0},"end":{"line":44,"column":9}},"44":{"start":{"line":45,"column":0},"end":{"line":45,"column":67}},"45":{"start":{"line":46,"column":0},"end":{"line":46,"column":58}},"46":{"start":{"line":47,"column":0},"end":{"line":47,"column":9}},"47":{"start":{"line":48,"column":0},"end":{"line":48,"column":0}},"48":{"start":{"line":49,"column":0},"end":{"line":49,"column":21}},"49":{"start":{"line":50,"column":0},"end":{"line":50,"column":7}},"50":{"start":{"line":51,"column":0},"end":{"line":51,"column":68}},"51":{"start":{"line":52,"column":0},"end":{"line":52,"column":2}},"52":{"start":{"line":53,"column":0},"end":{"line":53,"column":0}},"53":{"start":{"line":54,"column":0},"end":{"line":54,"column":40}},"54":{"start":{"line":55,"column":0},"end":{"line":55,"column":38}},"55":{"start":{"line":56,"column":0},"end":{"line":56,"column":21}},"56":{"start":{"line":57,"column":0},"end":{"line":57,"column":5}},"57":{"start":{"line":58,"column":0},"end":{"line":58,"column":0}},"58":{"start":{"line":59,"column":0},"end":{"line":59,"column":45}},"59":{"start":{"line":60,"column":0},"end":{"line":60,"column":61}},"60":{"start":{"line":61,"column":0},"end":{"line":61,"column":53}},"61":{"start":{"line":62,"column":0},"end":{"line":62,"column":9}},"62":{"start":{"line":63,"column":0},"end":{"line":63,"column":71}},"63":{"start":{"line":64,"column":0},"end":{"line":64,"column":47}},"64":{"start":{"line":65,"column":0},"end":{"line":65,"column":9}},"65":{"start":{"line":66,"column":0},"end":{"line":66,"column":0}},"66":{"start":{"line":67,"column":0},"end":{"line":67,"column":33}},"67":{"start":{"line":68,"column":0},"end":{"line":68,"column":7}},"68":{"start":{"line":69,"column":0},"end":{"line":69,"column":37}},"69":{"start":{"line":70,"column":0},"end":{"line":70,"column":2}},"70":{"start":{"line":71,"column":0},"end":{"line":71,"column":0}},"71":{"start":{"line":72,"column":0},"end":{"line":72,"column":70}},"72":{"start":{"line":73,"column":0},"end":{"line":73,"column":0}},"73":{"start":{"line":74,"column":0},"end":{"line":74,"column":0}},"74":{"start":{"line":75,"column":0},"end":{"line":75,"column":70}},"75":{"start":{"line":76,"column":0},"end":{"line":76,"column":56}},"76":{"start":{"line":77,"column":0},"end":{"line":77,"column":0}},"77":{"start":{"line":78,"column":0},"end":{"line":78,"column":25}},"78":{"start":{"line":79,"column":0},"end":{"line":79,"column":20}},"79":{"start":{"line":80,"column":0},"end":{"line":80,"column":0}},"80":{"start":{"line":81,"column":0},"end":{"line":81,"column":46}},"81":{"start":{"line":82,"column":0},"end":{"line":82,"column":34}},"82":{"start":{"line":83,"column":0},"end":{"line":83,"column":27}},"83":{"start":{"line":84,"column":0},"end":{"line":84,"column":10}},"84":{"start":{"line":85,"column":0},"end":{"line":85,"column":6}},"85":{"start":{"line":86,"column":0},"end":{"line":86,"column":18}},"86":{"start":{"line":87,"column":0},"end":{"line":87,"column":2}},"87":{"start":{"line":88,"column":0},"end":{"line":88,"column":0}},"88":{"start":{"line":89,"column":0},"end":{"line":89,"column":39}},"89":{"start":{"line":90,"column":0},"end":{"line":90,"column":0}},"90":{"start":{"line":91,"column":0},"end":{"line":91,"column":78}},"91":{"start":{"line":92,"column":0},"end":{"line":92,"column":41}},"92":{"start":{"line":93,"column":0},"end":{"line":93,"column":34}},"93":{"start":{"line":94,"column":0},"end":{"line":94,"column":26}},"94":{"start":{"line":95,"column":0},"end":{"line":95,"column":0}},"95":{"start":{"line":96,"column":0},"end":{"line":96,"column":23}},"96":{"start":{"line":97,"column":0},"end":{"line":97,"column":40}},"97":{"start":{"line":98,"column":0},"end":{"line":98,"column":20}},"98":{"start":{"line":99,"column":0},"end":{"line":99,"column":5}},"99":{"start":{"line":100,"column":0},"end":{"line":100,"column":101}},"100":{"start":{"line":101,"column":0},"end":{"line":101,"column":2}},"101":{"start":{"line":102,"column":0},"end":{"line":102,"column":0}},"102":{"start":{"line":103,"column":0},"end":{"line":103,"column":37}},"103":{"start":{"line":104,"column":0},"end":{"line":104,"column":29}},"104":{"start":{"line":105,"column":0},"end":{"line":105,"column":24}},"105":{"start":{"line":106,"column":0},"end":{"line":106,"column":0}},"106":{"start":{"line":107,"column":0},"end":{"line":107,"column":39}},"107":{"start":{"line":108,"column":0},"end":{"line":108,"column":0}},"108":{"start":{"line":109,"column":0},"end":{"line":109,"column":24}},"109":{"start":{"line":110,"column":0},"end":{"line":110,"column":20}},"110":{"start":{"line":111,"column":0},"end":{"line":111,"column":20}},"111":{"start":{"line":112,"column":0},"end":{"line":112,"column":16}},"112":{"start":{"line":113,"column":0},"end":{"line":113,"column":26}},"113":{"start":{"line":114,"column":0},"end":{"line":114,"column":48}},"114":{"start":{"line":115,"column":0},"end":{"line":115,"column":46}},"115":{"start":{"line":116,"column":0},"end":{"line":116,"column":9}},"116":{"start":{"line":117,"column":0},"end":{"line":117,"column":5}},"117":{"start":{"line":118,"column":0},"end":{"line":118,"column":0}},"118":{"start":{"line":119,"column":0},"end":{"line":119,"column":21}},"119":{"start":{"line":120,"column":0},"end":{"line":120,"column":22}},"120":{"start":{"line":121,"column":0},"end":{"line":121,"column":16}},"121":{"start":{"line":122,"column":0},"end":{"line":122,"column":5}},"122":{"start":{"line":123,"column":0},"end":{"line":123,"column":0}},"123":{"start":{"line":124,"column":0},"end":{"line":124,"column":32}},"124":{"start":{"line":125,"column":0},"end":{"line":125,"column":1}},"125":{"start":{"line":126,"column":0},"end":{"line":126,"column":0}},"126":{"start":{"line":127,"column":0},"end":{"line":127,"column":26}},"127":{"start":{"line":128,"column":0},"end":{"line":128,"column":0}},"128":{"start":{"line":129,"column":0},"end":{"line":129,"column":17}},"129":{"start":{"line":130,"column":0},"end":{"line":130,"column":0}},"130":{"start":{"line":131,"column":0},"end":{"line":131,"column":0}},"131":{"start":{"line":132,"column":0},"end":{"line":132,"column":18}},"132":{"start":{"line":133,"column":0},"end":{"line":133,"column":20}},"133":{"start":{"line":134,"column":0},"end":{"line":134,"column":14}},"134":{"start":{"line":135,"column":0},"end":{"line":135,"column":12}},"135":{"start":{"line":136,"column":0},"end":{"line":136,"column":16}},"136":{"start":{"line":137,"column":0},"end":{"line":137,"column":15}},"137":{"start":{"line":138,"column":0},"end":{"line":138,"column":1}}},"s":{"0":1,"1":1,"2":1,"3":1,"4":2,"5":2,"6":2,"7":2,"8":4,"9":2,"10":2,"11":2,"12":2,"13":2,"14":4,"15":2,"16":2,"17":1,"18":1,"19":1,"20":1,"21":1,"22":1,"23":8,"24":8,"25":8,"26":8,"27":8,"28":1,"29":1,"30":7,"31":7,"32":10,"33":10,"34":10,"35":10,"36":0,"37":0,"38":10,"39":6,"40":6,"41":10,"42":3,"43":3,"44":10,"45":0,"46":0,"47":1,"48":1,"49":1,"50":8,"51":8,"52":1,"53":0,"54":0,"55":0,"56":0,"57":0,"58":0,"59":0,"60":0,"61":0,"62":0,"63":0,"64":0,"65":0,"66":0,"67":0,"68":0,"69":0,"70":1,"71":1,"72":1,"73":1,"74":1,"75":1,"76":1,"77":2,"78":2,"79":2,"80":2,"81":6,"82":6,"83":6,"84":6,"85":2,"86":2,"87":1,"88":1,"89":1,"90":1,"91":1,"92":1,"93":1,"94":1,"95":6,"96":6,"97":2,"98":2,"99":4,"100":4,"101":1,"102":1,"103":1,"104":1,"105":1,"106":1,"107":1,"108":2,"109":2,"110":2,"111":2,"112":2,"113":2,"114":2,"115":2,"116":2,"117":2,"118":2,"119":2,"120":2,"121":2,"122":2,"123":2,"124":2,"125":1,"126":1,"127":1,"128":1,"129":1,"130":1,"131":1,"132":1,"133":1,"134":1,"135":1,"136":1,"137":1},"branchMap":{"0":{"type":"branch","line":5,"loc":{"start":{"line":5,"column":0},"end":{"line":17,"column":2}},"locations":[{"start":{"line":5,"column":0},"end":{"line":17,"column":2}}]},"1":{"type":"branch","line":8,"loc":{"start":{"line":8,"column":27},"end":{"line":16,"column":7}},"locations":[{"start":{"line":8,"column":27},"end":{"line":16,"column":7}}]},"2":{"type":"branch","line":9,"loc":{"start":{"line":9,"column":37},"end":{"line":14,"column":9}},"locations":[{"start":{"line":9,"column":37},"end":{"line":14,"column":9}}]},"3":{"type":"branch","line":24,"loc":{"start":{"line":24,"column":0},"end":{"line":52,"column":2}},"locations":[{"start":{"line":24,"column":0},"end":{"line":52,"column":2}}]},"4":{"type":"branch","line":28,"loc":{"start":{"line":28,"column":8},"end":{"line":28,"column":56}},"locations":[{"start":{"line":28,"column":8},"end":{"line":28,"column":56}}]},"5":{"type":"branch","line":28,"loc":{"start":{"line":28,"column":56},"end":{"line":30,"column":5}},"locations":[{"start":{"line":28,"column":56},"end":{"line":30,"column":5}}]},"6":{"type":"branch","line":31,"loc":{"start":{"line":31,"column":-2},"end":{"line":51,"column":12}},"locations":[{"start":{"line":31,"column":-2},"end":{"line":51,"column":12}}]},"7":{"type":"branch","line":51,"loc":{"start":{"line":51,"column":11},"end":{"line":51,"column":47}},"locations":[{"start":{"line":51,"column":11},"end":{"line":51,"column":47}}]},"8":{"type":"branch","line":32,"loc":{"start":{"line":32,"column":34},"end":{"line":50,"column":7}},"locations":[{"start":{"line":32,"column":34},"end":{"line":50,"column":7}}]},"9":{"type":"branch","line":35,"loc":{"start":{"line":35,"column":13},"end":{"line":35,"column":46}},"locations":[{"start":{"line":35,"column":13},"end":{"line":35,"column":46}}]},"10":{"type":"branch","line":36,"loc":{"start":{"line":36,"column":16},"end":{"line":36,"column":59}},"locations":[{"start":{"line":36,"column":16},"end":{"line":36,"column":59}}]},"11":{"type":"branch","line":36,"loc":{"start":{"line":36,"column":59},"end":{"line":38,"column":9}},"locations":[{"start":{"line":36,"column":59},"end":{"line":38,"column":9}}]},"12":{"type":"branch","line":39,"loc":{"start":{"line":39,"column":37},"end":{"line":41,"column":9}},"locations":[{"start":{"line":39,"column":37},"end":{"line":41,"column":9}}]},"13":{"type":"branch","line":42,"loc":{"start":{"line":42,"column":-2},"end":{"line":42,"column":19}},"locations":[{"start":{"line":42,"column":-2},"end":{"line":42,"column":19}}]},"14":{"type":"branch","line":42,"loc":{"start":{"line":42,"column":12},"end":{"line":42,"column":76}},"locations":[{"start":{"line":42,"column":12},"end":{"line":42,"column":76}}]},"15":{"type":"branch","line":42,"loc":{"start":{"line":42,"column":76},"end":{"line":44,"column":9}},"locations":[{"start":{"line":42,"column":76},"end":{"line":44,"column":9}}]},"16":{"type":"branch","line":45,"loc":{"start":{"line":45,"column":-2},"end":{"line":45,"column":17}},"locations":[{"start":{"line":45,"column":-2},"end":{"line":45,"column":17}}]},"17":{"type":"branch","line":45,"loc":{"start":{"line":45,"column":12},"end":{"line":45,"column":45}},"locations":[{"start":{"line":45,"column":12},"end":{"line":45,"column":45}}]},"18":{"type":"branch","line":45,"loc":{"start":{"line":45,"column":66},"end":{"line":47,"column":9}},"locations":[{"start":{"line":45,"column":66},"end":{"line":47,"column":9}}]},"19":{"type":"branch","line":48,"loc":{"start":{"line":48,"column":-2},"end":{"line":50,"column":7}},"locations":[{"start":{"line":48,"column":-2},"end":{"line":50,"column":7}}]},"20":{"type":"branch","line":78,"loc":{"start":{"line":78,"column":0},"end":{"line":87,"column":2}},"locations":[{"start":{"line":78,"column":0},"end":{"line":87,"column":2}}]},"21":{"type":"branch","line":81,"loc":{"start":{"line":81,"column":45},"end":{"line":85,"column":6}},"locations":[{"start":{"line":81,"column":45},"end":{"line":85,"column":6}}]},"22":{"type":"branch","line":96,"loc":{"start":{"line":96,"column":0},"end":{"line":101,"column":2}},"locations":[{"start":{"line":96,"column":0},"end":{"line":101,"column":2}}]},"23":{"type":"branch","line":97,"loc":{"start":{"line":97,"column":39},"end":{"line":99,"column":5}},"locations":[{"start":{"line":97,"column":39},"end":{"line":99,"column":5}}]},"24":{"type":"branch","line":100,"loc":{"start":{"line":100,"column":-2},"end":{"line":101,"column":2}},"locations":[{"start":{"line":100,"column":-2},"end":{"line":101,"column":2}}]},"25":{"type":"branch","line":100,"loc":{"start":{"line":100,"column":37},"end":{"line":100,"column":95}},"locations":[{"start":{"line":100,"column":37},"end":{"line":100,"column":95}}]},"26":{"type":"branch","line":100,"loc":{"start":{"line":100,"column":45},"end":{"line":100,"column":75}},"locations":[{"start":{"line":100,"column":45},"end":{"line":100,"column":75}}]},"27":{"type":"branch","line":100,"loc":{"start":{"line":100,"column":45},"end":{"line":100,"column":95}},"locations":[{"start":{"line":100,"column":45},"end":{"line":100,"column":95}}]},"28":{"type":"branch","line":109,"loc":{"start":{"line":109,"column":0},"end":{"line":125,"column":1}},"locations":[{"start":{"line":109,"column":0},"end":{"line":125,"column":1}}]},"29":{"type":"branch","line":113,"loc":{"start":{"line":113,"column":14},"end":{"line":116,"column":9}},"locations":[{"start":{"line":113,"column":14},"end":{"line":116,"column":9}}]}},"b":{"0":[2],"1":[4],"2":[2],"3":[8],"4":[1],"5":[1],"6":[7],"7":[5],"8":[10],"9":[0],"10":[0],"11":[0],"12":[6],"13":[4],"14":[3],"15":[3],"16":[1],"17":[0],"18":[0],"19":[1],"20":[2],"21":[6],"22":[6],"23":[2],"24":[4],"25":[4],"26":[2],"27":[2],"28":[2],"29":[2]},"fnMap":{"0":{"name":"intersectionObj","decl":{"start":{"line":5,"column":0},"end":{"line":17,"column":2}},"loc":{"start":{"line":5,"column":0},"end":{"line":17,"column":2}},"line":5},"1":{"name":"isDeepEqual","decl":{"start":{"line":24,"column":0},"end":{"line":52,"column":2}},"loc":{"start":{"line":24,"column":0},"end":{"line":52,"column":2}},"line":24},"2":{"name":"isArraysDeepEqual","decl":{"start":{"line":54,"column":0},"end":{"line":70,"column":2}},"loc":{"start":{"line":54,"column":0},"end":{"line":70,"column":2}},"line":54},"3":{"name":"uniqueArr","decl":{"start":{"line":78,"column":0},"end":{"line":87,"column":2}},"loc":{"start":{"line":78,"column":0},"end":{"line":87,"column":2}},"line":78},"4":{"name":"isEmpty","decl":{"start":{"line":96,"column":0},"end":{"line":101,"column":2}},"loc":{"start":{"line":96,"column":0},"end":{"line":101,"column":2}},"line":96},"5":{"name":"bindExample","decl":{"start":{"line":109,"column":0},"end":{"line":125,"column":1}},"loc":{"start":{"line":109,"column":0},"end":{"line":125,"column":1}},"line":109},"6":{"name":"func","decl":{"start":{"line":113,"column":14},"end":{"line":116,"column":9}},"loc":{"start":{"line":113,"column":14},"end":{"line":116,"column":9}},"line":113}},"f":{"0":2,"1":8,"2":0,"3":2,"4":6,"5":2,"6":2}}
,"D:\\CoursesDevEducation\\Practice\\Practice\\Practice7\\script.js": {"path":"D:\\CoursesDevEducation\\Practice\\Practice\\Practice7\\script.js","all":false,"statementMap":{"0":{"start":{"line":1,"column":0},"end":{"line":1,"column":16}},"1":{"start":{"line":2,"column":0},"end":{"line":2,"column":19}},"2":{"start":{"line":3,"column":0},"end":{"line":3,"column":5}},"3":{"start":{"line":4,"column":0},"end":{"line":4,"column":18}},"4":{"start":{"line":5,"column":0},"end":{"line":5,"column":26}},"5":{"start":{"line":6,"column":0},"end":{"line":6,"column":51}},"6":{"start":{"line":7,"column":0},"end":{"line":7,"column":41}},"7":{"start":{"line":8,"column":0},"end":{"line":8,"column":9}},"8":{"start":{"line":9,"column":0},"end":{"line":9,"column":24}},"9":{"start":{"line":10,"column":0},"end":{"line":10,"column":5}},"10":{"start":{"line":11,"column":0},"end":{"line":11,"column":18}},"11":{"start":{"line":12,"column":0},"end":{"line":12,"column":58}},"12":{"start":{"line":13,"column":0},"end":{"line":13,"column":23}},"13":{"start":{"line":14,"column":0},"end":{"line":14,"column":5}},"14":{"start":{"line":15,"column":0},"end":{"line":15,"column":18}},"15":{"start":{"line":16,"column":0},"end":{"line":16,"column":33}},"16":{"start":{"line":17,"column":0},"end":{"line":17,"column":24}},"17":{"start":{"line":18,"column":0},"end":{"line":18,"column":0}},"18":{"start":{"line":19,"column":0},"end":{"line":19,"column":46}},"19":{"start":{"line":20,"column":0},"end":{"line":20,"column":27}},"20":{"start":{"line":21,"column":0},"end":{"line":21,"column":57}},"21":{"start":{"line":22,"column":0},"end":{"line":22,"column":32}},"22":{"start":{"line":23,"column":0},"end":{"line":23,"column":9}},"23":{"start":{"line":24,"column":0},"end":{"line":24,"column":32}},"24":{"start":{"line":25,"column":0},"end":{"line":25,"column":5}},"25":{"start":{"line":26,"column":0},"end":{"line":26,"column":1}},"26":{"start":{"line":27,"column":0},"end":{"line":27,"column":0}},"27":{"start":{"line":28,"column":0},"end":{"line":28,"column":25}},"28":{"start":{"line":29,"column":0},"end":{"line":29,"column":0}},"29":{"start":{"line":30,"column":0},"end":{"line":30,"column":34}},"30":{"start":{"line":31,"column":0},"end":{"line":31,"column":34}},"31":{"start":{"line":32,"column":0},"end":{"line":32,"column":46}},"32":{"start":{"line":33,"column":0},"end":{"line":33,"column":0}},"33":{"start":{"line":34,"column":0},"end":{"line":34,"column":17}},"34":{"start":{"line":35,"column":0},"end":{"line":35,"column":19}},"35":{"start":{"line":36,"column":0},"end":{"line":36,"column":5}},"36":{"start":{"line":37,"column":0},"end":{"line":37,"column":18}},"37":{"start":{"line":38,"column":0},"end":{"line":38,"column":167}},"38":{"start":{"line":39,"column":0},"end":{"line":39,"column":55}},"39":{"start":{"line":40,"column":0},"end":{"line":40,"column":45}},"40":{"start":{"line":41,"column":0},"end":{"line":41,"column":5}},"41":{"start":{"line":42,"column":0},"end":{"line":42,"column":19}},"42":{"start":{"line":43,"column":0},"end":{"line":43,"column":73}},"43":{"start":{"line":44,"column":0},"end":{"line":44,"column":46}},"44":{"start":{"line":45,"column":0},"end":{"line":45,"column":5}},"45":{"start":{"line":46,"column":0},"end":{"line":46,"column":17}},"46":{"start":{"line":47,"column":0},"end":{"line":47,"column":61}},"47":{"start":{"line":48,"column":0},"end":{"line":48,"column":44}},"48":{"start":{"line":49,"column":0},"end":{"line":49,"column":5}},"49":{"start":{"line":50,"column":0},"end":{"line":50,"column":18}},"50":{"start":{"line":51,"column":0},"end":{"line":51,"column":81}},"51":{"start":{"line":52,"column":0},"end":{"line":52,"column":45}},"52":{"start":{"line":53,"column":0},"end":{"line":53,"column":5}},"53":{"start":{"line":54,"column":0},"end":{"line":54,"column":1}},"54":{"start":{"line":55,"column":0},"end":{"line":55,"column":0}},"55":{"start":{"line":56,"column":0},"end":{"line":56,"column":31}},"56":{"start":{"line":57,"column":0},"end":{"line":57,"column":0}},"57":{"start":{"line":58,"column":0},"end":{"line":58,"column":50}},"58":{"start":{"line":59,"column":0},"end":{"line":59,"column":47}},"59":{"start":{"line":60,"column":0},"end":{"line":60,"column":44}},"60":{"start":{"line":61,"column":0},"end":{"line":61,"column":54}},"61":{"start":{"line":62,"column":0},"end":{"line":62,"column":0}},"62":{"start":{"line":63,"column":0},"end":{"line":63,"column":36}}},"s":{"0":1,"1":1,"2":1,"3":1,"4":3,"5":3,"6":14,"7":14,"8":3,"9":3,"10":1,"11":2,"12":2,"13":2,"14":1,"15":2,"16":2,"17":2,"18":2,"19":6,"20":6,"21":6,"22":6,"23":2,"24":2,"25":1,"26":1,"27":1,"28":1,"29":1,"30":1,"31":1,"32":1,"33":1,"34":1,"35":1,"36":1,"37":3,"38":3,"39":3,"40":3,"41":1,"42":3,"43":3,"44":3,"45":1,"46":3,"47":3,"48":3,"49":1,"50":3,"51":3,"52":3,"53":1,"54":1,"55":1,"56":1,"57":1,"58":1,"59":1,"60":1,"61":1,"62":1},"branchMap":{"0":{"type":"branch","line":2,"loc":{"start":{"line":2,"column":4},"end":{"line":3,"column":5}},"locations":[{"start":{"line":2,"column":4},"end":{"line":3,"column":5}}]},"1":{"type":"branch","line":4,"loc":{"start":{"line":4,"column":4},"end":{"line":10,"column":5}},"locations":[{"start":{"line":4,"column":4},"end":{"line":10,"column":5}}]},"2":{"type":"branch","line":6,"loc":{"start":{"line":6,"column":50},"end":{"line":8,"column":9}},"locations":[{"start":{"line":6,"column":50},"end":{"line":8,"column":9}}]},"3":{"type":"branch","line":11,"loc":{"start":{"line":11,"column":4},"end":{"line":14,"column":5}},"locations":[{"start":{"line":11,"column":4},"end":{"line":14,"column":5}}]},"4":{"type":"branch","line":15,"loc":{"start":{"line":15,"column":4},"end":{"line":25,"column":5}},"locations":[{"start":{"line":15,"column":4},"end":{"line":25,"column":5}}]},"5":{"type":"branch","line":19,"loc":{"start":{"line":19,"column":45},"end":{"line":23,"column":9}},"locations":[{"start":{"line":19,"column":45},"end":{"line":23,"column":9}}]},"6":{"type":"branch","line":35,"loc":{"start":{"line":35,"column":4},"end":{"line":36,"column":5}},"locations":[{"start":{"line":35,"column":4},"end":{"line":36,"column":5}}]},"7":{"type":"branch","line":37,"loc":{"start":{"line":37,"column":4},"end":{"line":41,"column":5}},"locations":[{"start":{"line":37,"column":4},"end":{"line":41,"column":5}}]},"8":{"type":"branch","line":40,"loc":{"start":{"line":40,"column":15},"end":{"line":40,"column":40}},"locations":[{"start":{"line":40,"column":15},"end":{"line":40,"column":40}}]},"9":{"type":"branch","line":40,"loc":{"start":{"line":40,"column":15},"end":{"line":40,"column":45}},"locations":[{"start":{"line":40,"column":15},"end":{"line":40,"column":45}}]},"10":{"type":"branch","line":42,"loc":{"start":{"line":42,"column":4},"end":{"line":45,"column":5}},"locations":[{"start":{"line":42,"column":4},"end":{"line":45,"column":5}}]},"11":{"type":"branch","line":44,"loc":{"start":{"line":44,"column":15},"end":{"line":44,"column":41}},"locations":[{"start":{"line":44,"column":15},"end":{"line":44,"column":41}}]},"12":{"type":"branch","line":44,"loc":{"start":{"line":44,"column":15},"end":{"line":44,"column":46}},"locations":[{"start":{"line":44,"column":15},"end":{"line":44,"column":46}}]},"13":{"type":"branch","line":46,"loc":{"start":{"line":46,"column":4},"end":{"line":49,"column":5}},"locations":[{"start":{"line":46,"column":4},"end":{"line":49,"column":5}}]},"14":{"type":"branch","line":48,"loc":{"start":{"line":48,"column":15},"end":{"line":48,"column":39}},"locations":[{"start":{"line":48,"column":15},"end":{"line":48,"column":39}}]},"15":{"type":"branch","line":48,"loc":{"start":{"line":48,"column":15},"end":{"line":48,"column":44}},"locations":[{"start":{"line":48,"column":15},"end":{"line":48,"column":44}}]},"16":{"type":"branch","line":50,"loc":{"start":{"line":50,"column":4},"end":{"line":53,"column":5}},"locations":[{"start":{"line":50,"column":4},"end":{"line":53,"column":5}}]},"17":{"type":"branch","line":52,"loc":{"start":{"line":52,"column":15},"end":{"line":52,"column":40}},"locations":[{"start":{"line":52,"column":15},"end":{"line":52,"column":40}}]},"18":{"type":"branch","line":52,"loc":{"start":{"line":52,"column":15},"end":{"line":52,"column":45}},"locations":[{"start":{"line":52,"column":15},"end":{"line":52,"column":45}}]}},"b":{"0":[1],"1":[3],"2":[14],"3":[2],"4":[2],"5":[6],"6":[1],"7":[3],"8":[1],"9":[2],"10":[3],"11":[1],"12":[2],"13":[3],"14":[1],"15":[2],"16":[3],"17":[1],"18":[2]},"fnMap":{"0":{"name":"MyString","decl":{"start":{"line":2,"column":4},"end":{"line":3,"column":5}},"loc":{"start":{"line":2,"column":4},"end":{"line":3,"column":5}},"line":2},"1":{"name":"reverse","decl":{"start":{"line":4,"column":4},"end":{"line":10,"column":5}},"loc":{"start":{"line":4,"column":4},"end":{"line":10,"column":5}},"line":4},"2":{"name":"ucFirst","decl":{"start":{"line":11,"column":4},"end":{"line":14,"column":5}},"loc":{"start":{"line":11,"column":4},"end":{"line":14,"column":5}},"line":11},"3":{"name":"ucWords","decl":{"start":{"line":15,"column":4},"end":{"line":25,"column":5}},"loc":{"start":{"line":15,"column":4},"end":{"line":25,"column":5}},"line":15},"4":{"name":"Validator","decl":{"start":{"line":35,"column":4},"end":{"line":36,"column":5}},"loc":{"start":{"line":35,"column":4},"end":{"line":36,"column":5}},"line":35},"5":{"name":"isEmail","decl":{"start":{"line":37,"column":4},"end":{"line":41,"column":5}},"loc":{"start":{"line":37,"column":4},"end":{"line":41,"column":5}},"line":37},"6":{"name":"isDomain","decl":{"start":{"line":42,"column":4},"end":{"line":45,"column":5}},"loc":{"start":{"line":42,"column":4},"end":{"line":45,"column":5}},"line":42},"7":{"name":"isDate","decl":{"start":{"line":46,"column":4},"end":{"line":49,"column":5}},"loc":{"start":{"line":46,"column":4},"end":{"line":49,"column":5}},"line":46},"8":{"name":"isPhone","decl":{"start":{"line":50,"column":4},"end":{"line":53,"column":5}},"loc":{"start":{"line":50,"column":4},"end":{"line":53,"column":5}},"line":50}},"f":{"0":1,"1":3,"2":2,"3":2,"4":1,"5":3,"6":3,"7":3,"8":3}}
}
