{"D:\\CoursesDevEducation\\Practice\\Practice\\Practice1\\Practice1.js": {"path":"D:\\CoursesDevEducation\\Practice\\Practice\\Practice1\\Practice1.js","statementMap":{"0":{"start":{"line":2,"column":17},"end":{"line":2,"column":19}},"1":{"start":{"line":4,"column":4},"end":{"line":8,"column":5}},"2":{"start":{"line":4,"column":17},"end":{"line":4,"column":18}},"3":{"start":{"line":5,"column":8},"end":{"line":7,"column":32}},"4":{"start":{"line":6,"column":12},"end":{"line":6,"column":28}},"5":{"start":{"line":7,"column":15},"end":{"line":7,"column":32}},"6":{"start":{"line":9,"column":4},"end":{"line":9,"column":18}},"7":{"start":{"line":12,"column":0},"end":{"line":12,"column":36}},"8":{"start":{"line":16,"column":4},"end":{"line":16,"column":36}},"9":{"start":{"line":21,"column":4},"end":{"line":21,"column":91}},"10":{"start":{"line":21,"column":69},"end":{"line":21,"column":89}},"11":{"start":{"line":26,"column":4},"end":{"line":32,"column":5}},"12":{"start":{"line":27,"column":8},"end":{"line":31,"column":9}},"13":{"start":{"line":28,"column":12},"end":{"line":28,"column":27}},"14":{"start":{"line":30,"column":12},"end":{"line":30,"column":29}},"15":{"start":{"line":34,"column":4},"end":{"line":34,"column":34}},"16":{"start":{"line":37,"column":0},"end":{"line":37,"column":35}},"17":{"start":{"line":39,"column":0},"end":{"line":39,"column":36}},"18":{"start":{"line":42,"column":17},"end":{"line":42,"column":18}},"19":{"start":{"line":44,"column":4},"end":{"line":46,"column":5}},"20":{"start":{"line":45,"column":8},"end":{"line":45,"column":21}},"21":{"start":{"line":48,"column":4},"end":{"line":51,"column":28}},"22":{"start":{"line":49,"column":8},"end":{"line":49,"column":19}},"23":{"start":{"line":50,"column":8},"end":{"line":50,"column":24}},"24":{"start":{"line":51,"column":11},"end":{"line":51,"column":28}},"25":{"start":{"line":52,"column":4},"end":{"line":52,"column":18}},"26":{"start":{"line":55,"column":0},"end":{"line":55,"column":31}},"27":{"start":{"line":58,"column":16},"end":{"line":58,"column":22}},"28":{"start":{"line":59,"column":15},"end":{"line":59,"column":17}},"29":{"start":{"line":60,"column":20},"end":{"line":60,"column":22}},"30":{"start":{"line":61,"column":17},"end":{"line":61,"column":19}},"31":{"start":{"line":63,"column":4},"end":{"line":67,"column":5}},"32":{"start":{"line":63,"column":17},"end":{"line":63,"column":18}},"33":{"start":{"line":64,"column":8},"end":{"line":66,"column":9}},"34":{"start":{"line":65,"column":12},"end":{"line":65,"column":28}},"35":{"start":{"line":68,"column":4},"end":{"line":70,"column":5}},"36":{"start":{"line":69,"column":8},"end":{"line":69,"column":24}},"37":{"start":{"line":72,"column":4},"end":{"line":74,"column":26}},"38":{"start":{"line":73,"column":8},"end":{"line":73,"column":22}},"39":{"start":{"line":74,"column":11},"end":{"line":74,"column":26}},"40":{"start":{"line":76,"column":4},"end":{"line":78,"column":31}},"41":{"start":{"line":77,"column":8},"end":{"line":77,"column":27}},"42":{"start":{"line":78,"column":11},"end":{"line":78,"column":31}},"43":{"start":{"line":80,"column":4},"end":{"line":80,"column":50}},"44":{"start":{"line":83,"column":0},"end":{"line":83,"column":28}},"45":{"start":{"line":86,"column":0},"end":{"line":92,"column":1}}},"fnMap":{"0":{"name":"isPalindrome","decl":{"start":{"line":1,"column":9},"end":{"line":1,"column":21}},"loc":{"start":{"line":1,"column":27},"end":{"line":10,"column":1}},"line":1},"1":{"name":"isSymbol","decl":{"start":{"line":15,"column":9},"end":{"line":15,"column":17}},"loc":{"start":{"line":15,"column":24},"end":{"line":18,"column":1}},"line":15},"2":{"name":"checkSymbols","decl":{"start":{"line":20,"column":9},"end":{"line":20,"column":21}},"loc":{"start":{"line":20,"column":27},"end":{"line":23,"column":1}},"line":20},"3":{"name":"(anonymous_3)","decl":{"start":{"line":21,"column":57},"end":{"line":21,"column":58}},"loc":{"start":{"line":21,"column":69},"end":{"line":21,"column":89}},"line":21},"4":{"name":"isValidString","decl":{"start":{"line":25,"column":9},"end":{"line":25,"column":22}},"loc":{"start":{"line":25,"column":28},"end":{"line":35,"column":1}},"line":25},"5":{"name":"sumNumber","decl":{"start":{"line":41,"column":9},"end":{"line":41,"column":18}},"loc":{"start":{"line":41,"column":25},"end":{"line":53,"column":1}},"line":41},"6":{"name":"checkNumber","decl":{"start":{"line":57,"column":9},"end":{"line":57,"column":20}},"loc":{"start":{"line":57,"column":28},"end":{"line":81,"column":1}},"line":57}},"branchMap":{"0":{"loc":{"start":{"line":5,"column":8},"end":{"line":7,"column":32}},"type":"if","locations":[{"start":{"line":5,"column":8},"end":{"line":7,"column":32}},{"start":{"line":7,"column":15},"end":{"line":7,"column":32}}],"line":5},"1":{"loc":{"start":{"line":26,"column":4},"end":{"line":32,"column":5}},"type":"if","locations":[{"start":{"line":26,"column":4},"end":{"line":32,"column":5}},{"start":{},"end":{}}],"line":26},"2":{"loc":{"start":{"line":26,"column":8},"end":{"line":26,"column":38}},"type":"binary-expr","locations":[{"start":{"line":26,"column":8},"end":{"line":26,"column":11}},{"start":{"line":26,"column":15},"end":{"line":26,"column":38}}],"line":26},"3":{"loc":{"start":{"line":27,"column":8},"end":{"line":31,"column":9}},"type":"if","locations":[{"start":{"line":27,"column":8},"end":{"line":31,"column":9}},{"start":{"line":29,"column":15},"end":{"line":31,"column":9}}],"line":27},"4":{"loc":{"start":{"line":27,"column":12},"end":{"line":27,"column":126}},"type":"binary-expr","locations":[{"start":{"line":27,"column":12},"end":{"line":27,"column":27}},{"start":{"line":27,"column":31},"end":{"line":27,"column":47}},{"start":{"line":27,"column":51},"end":{"line":27,"column":68}},{"start":{"line":27,"column":73},"end":{"line":27,"column":90}},{"start":{"line":27,"column":94},"end":{"line":27,"column":125}}],"line":27},"5":{"loc":{"start":{"line":44,"column":4},"end":{"line":46,"column":5}},"type":"if","locations":[{"start":{"line":44,"column":4},"end":{"line":46,"column":5}},{"start":{},"end":{}}],"line":44},"6":{"loc":{"start":{"line":48,"column":4},"end":{"line":51,"column":28}},"type":"if","locations":[{"start":{"line":48,"column":4},"end":{"line":51,"column":28}},{"start":{"line":51,"column":11},"end":{"line":51,"column":28}}],"line":48},"7":{"loc":{"start":{"line":48,"column":8},"end":{"line":48,"column":50}},"type":"binary-expr","locations":[{"start":{"line":48,"column":8},"end":{"line":48,"column":19}},{"start":{"line":48,"column":23},"end":{"line":48,"column":34}},{"start":{"line":48,"column":38},"end":{"line":48,"column":50}}],"line":48},"8":{"loc":{"start":{"line":64,"column":8},"end":{"line":66,"column":9}},"type":"if","locations":[{"start":{"line":64,"column":8},"end":{"line":66,"column":9}},{"start":{},"end":{}}],"line":64},"9":{"loc":{"start":{"line":68,"column":4},"end":{"line":70,"column":5}},"type":"if","locations":[{"start":{"line":68,"column":4},"end":{"line":70,"column":5}},{"start":{},"end":{}}],"line":68},"10":{"loc":{"start":{"line":72,"column":4},"end":{"line":74,"column":26}},"type":"if","locations":[{"start":{"line":72,"column":4},"end":{"line":74,"column":26}},{"start":{"line":74,"column":11},"end":{"line":74,"column":26}}],"line":72},"11":{"loc":{"start":{"line":76,"column":4},"end":{"line":78,"column":31}},"type":"if","locations":[{"start":{"line":76,"column":4},"end":{"line":78,"column":31}},{"start":{"line":78,"column":11},"end":{"line":78,"column":31}}],"line":76}},"s":{"0":3,"1":3,"2":3,"3":16,"4":6,"5":10,"6":3,"7":1,"8":9,"9":10,"10":46,"11":13,"12":13,"13":9,"14":4,"15":0,"16":1,"17":1,"18":4,"19":4,"20":1,"21":3,"22":2,"23":2,"24":1,"25":3,"26":1,"27":5,"28":5,"29":5,"30":5,"31":5,"32":5,"33":26,"34":2,"35":5,"36":1,"37":5,"38":3,"39":2,"40":5,"41":2,"42":3,"43":5,"44":1,"45":1},"f":{"0":3,"1":9,"2":10,"3":46,"4":13,"5":4,"6":5},"b":{"0":[6,10],"1":[13,0],"2":[13,0],"3":[9,4],"4":[13,11,10,9,1],"5":[1,3],"6":[2,1],"7":[3,2,2],"8":[2,24],"9":[1,4],"10":[3,2],"11":[2,3]},"_coverageSchema":"1a1c01bbd47fc00a2c39e90264f33305004495a9","hash":"8ebab20e4b8cc45b4a949a05600956f5be668c63"}
,"D:\\CoursesDevEducation\\Practice\\Practice\\Practice2\\SvyrydaPractice2.js": {"path":"D:\\CoursesDevEducation\\Practice\\Practice\\Practice2\\SvyrydaPractice2.js","statementMap":{"0":{"start":{"line":2,"column":17},"end":{"line":2,"column":19}},"1":{"start":{"line":4,"column":4},"end":{"line":14,"column":5}},"2":{"start":{"line":4,"column":17},"end":{"line":4,"column":18}},"3":{"start":{"line":5,"column":8},"end":{"line":13,"column":9}},"4":{"start":{"line":6,"column":12},"end":{"line":6,"column":49}},"5":{"start":{"line":7,"column":15},"end":{"line":13,"column":9}},"6":{"start":{"line":8,"column":12},"end":{"line":8,"column":45}},"7":{"start":{"line":9,"column":15},"end":{"line":13,"column":9}},"8":{"start":{"line":10,"column":12},"end":{"line":10,"column":43}},"9":{"start":{"line":12,"column":12},"end":{"line":12,"column":44}},"10":{"start":{"line":15,"column":4},"end":{"line":15,"column":18}},"11":{"start":{"line":17,"column":12},"end":{"line":17,"column":29}},"12":{"start":{"line":19,"column":0},"end":{"line":19,"column":17}},"13":{"start":{"line":22,"column":17},"end":{"line":22,"column":19}},"14":{"start":{"line":23,"column":4},"end":{"line":30,"column":2}},"15":{"start":{"line":23,"column":17},"end":{"line":23,"column":18}},"16":{"start":{"line":24,"column":5},"end":{"line":29,"column":3}},"17":{"start":{"line":24,"column":18},"end":{"line":24,"column":19}},"18":{"start":{"line":25,"column":9},"end":{"line":27,"column":10}},"19":{"start":{"line":26,"column":13},"end":{"line":26,"column":19}},"20":{"start":{"line":28,"column":9},"end":{"line":28,"column":42}},"21":{"start":{"line":31,"column":4},"end":{"line":31,"column":18}},"22":{"start":{"line":34,"column":0},"end":{"line":34,"column":25}},"23":{"start":{"line":39,"column":18},"end":{"line":39,"column":20}},"24":{"start":{"line":41,"column":4},"end":{"line":43,"column":5}},"25":{"start":{"line":42,"column":8},"end":{"line":42,"column":47}},"26":{"start":{"line":44,"column":4},"end":{"line":44,"column":19}},"27":{"start":{"line":48,"column":16},"end":{"line":48,"column":26}},"28":{"start":{"line":49,"column":16},"end":{"line":49,"column":26}},"29":{"start":{"line":51,"column":4},"end":{"line":53,"column":5}},"30":{"start":{"line":52,"column":8},"end":{"line":52,"column":21}},"31":{"start":{"line":55,"column":4},"end":{"line":59,"column":5}},"32":{"start":{"line":56,"column":8},"end":{"line":58,"column":9}},"33":{"start":{"line":57,"column":12},"end":{"line":57,"column":25}},"34":{"start":{"line":60,"column":4},"end":{"line":60,"column":16}},"35":{"start":{"line":65,"column":0},"end":{"line":69,"column":1}}},"fnMap":{"0":{"name":"returnNumbers","decl":{"start":{"line":1,"column":9},"end":{"line":1,"column":22}},"loc":{"start":{"line":1,"column":26},"end":{"line":16,"column":1}},"line":1},"1":{"name":"outOfCycle","decl":{"start":{"line":21,"column":9},"end":{"line":21,"column":19}},"loc":{"start":{"line":21,"column":23},"end":{"line":32,"column":1}},"line":21},"2":{"name":"char","decl":{"start":{"line":38,"column":9},"end":{"line":38,"column":13}},"loc":{"start":{"line":38,"column":19},"end":{"line":45,"column":1}},"line":38},"3":{"name":"isAnagram","decl":{"start":{"line":47,"column":9},"end":{"line":47,"column":18}},"loc":{"start":{"line":47,"column":31},"end":{"line":61,"column":1}},"line":47}},"branchMap":{"0":{"loc":{"start":{"line":5,"column":8},"end":{"line":13,"column":9}},"type":"if","locations":[{"start":{"line":5,"column":8},"end":{"line":13,"column":9}},{"start":{"line":7,"column":15},"end":{"line":13,"column":9}}],"line":5},"1":{"loc":{"start":{"line":5,"column":12},"end":{"line":5,"column":38}},"type":"binary-expr","locations":[{"start":{"line":5,"column":12},"end":{"line":5,"column":23}},{"start":{"line":5,"column":27},"end":{"line":5,"column":38}}],"line":5},"2":{"loc":{"start":{"line":7,"column":15},"end":{"line":13,"column":9}},"type":"if","locations":[{"start":{"line":7,"column":15},"end":{"line":13,"column":9}},{"start":{"line":9,"column":15},"end":{"line":13,"column":9}}],"line":7},"3":{"loc":{"start":{"line":9,"column":15},"end":{"line":13,"column":9}},"type":"if","locations":[{"start":{"line":9,"column":15},"end":{"line":13,"column":9}},{"start":{"line":11,"column":15},"end":{"line":13,"column":9}}],"line":9},"4":{"loc":{"start":{"line":25,"column":9},"end":{"line":27,"column":10}},"type":"if","locations":[{"start":{"line":25,"column":9},"end":{"line":27,"column":10}},{"start":{},"end":{}}],"line":25},"5":{"loc":{"start":{"line":25,"column":13},"end":{"line":25,"column":33}},"type":"binary-expr","locations":[{"start":{"line":25,"column":13},"end":{"line":25,"column":21}},{"start":{"line":25,"column":25},"end":{"line":25,"column":33}}],"line":25},"6":{"loc":{"start":{"line":42,"column":24},"end":{"line":42,"column":46}},"type":"binary-expr","locations":[{"start":{"line":42,"column":24},"end":{"line":42,"column":41}},{"start":{"line":42,"column":45},"end":{"line":42,"column":46}}],"line":42},"7":{"loc":{"start":{"line":51,"column":4},"end":{"line":53,"column":5}},"type":"if","locations":[{"start":{"line":51,"column":4},"end":{"line":53,"column":5}},{"start":{},"end":{}}],"line":51},"8":{"loc":{"start":{"line":56,"column":8},"end":{"line":58,"column":9}},"type":"if","locations":[{"start":{"line":56,"column":8},"end":{"line":58,"column":9}},{"start":{},"end":{}}],"line":56}},"s":{"0":2,"1":2,"2":2,"3":26,"4":1,"5":25,"6":7,"7":18,"8":4,"9":14,"10":2,"11":1,"12":1,"13":2,"14":2,"15":2,"16":32,"17":32,"18":632,"19":2,"20":630,"21":2,"22":1,"23":4,"24":4,"25":52,"26":4,"27":2,"28":2,"29":2,"30":1,"31":1,"32":8,"33":0,"34":1,"35":1},"f":{"0":2,"1":2,"2":4,"3":2},"b":{"0":[1,25],"1":[26,8],"2":[7,18],"3":[4,14],"4":[2,630],"5":[632,32],"6":[52,31],"7":[1,1],"8":[0,8]},"_coverageSchema":"1a1c01bbd47fc00a2c39e90264f33305004495a9","hash":"23c852ce1ff21b1f2b70e752fde18b45c92c3ca5"}
,"D:\\CoursesDevEducation\\Practice\\Practice\\Practice4\\SvyrydaPractice4.js": {"path":"D:\\CoursesDevEducation\\Practice\\Practice\\Practice4\\SvyrydaPractice4.js","statementMap":{"0":{"start":{"line":2,"column":4},"end":{"line":8,"column":5}},"1":{"start":{"line":2,"column":17},"end":{"line":2,"column":18}},"2":{"start":{"line":3,"column":8},"end":{"line":7,"column":9}},"3":{"start":{"line":3,"column":21},"end":{"line":3,"column":22}},"4":{"start":{"line":4,"column":12},"end":{"line":6,"column":13}},"5":{"start":{"line":5,"column":16},"end":{"line":5,"column":28}},"6":{"start":{"line":9,"column":4},"end":{"line":9,"column":17}},"7":{"start":{"line":12,"column":0},"end":{"line":12,"column":37}},"8":{"start":{"line":15,"column":17},"end":{"line":15,"column":19}},"9":{"start":{"line":17,"column":4},"end":{"line":21,"column":5}},"10":{"start":{"line":17,"column":17},"end":{"line":17,"column":18}},"11":{"start":{"line":18,"column":8},"end":{"line":20,"column":35}},"12":{"start":{"line":19,"column":12},"end":{"line":19,"column":57}},"13":{"start":{"line":20,"column":15},"end":{"line":20,"column":35}},"14":{"start":{"line":22,"column":4},"end":{"line":22,"column":18}},"15":{"start":{"line":25,"column":0},"end":{"line":25,"column":46}},"16":{"start":{"line":28,"column":19},"end":{"line":28,"column":21}},"17":{"start":{"line":29,"column":16},"end":{"line":29,"column":17}},"18":{"start":{"line":30,"column":4},"end":{"line":33,"column":5}},"19":{"start":{"line":31,"column":8},"end":{"line":31,"column":52}},"20":{"start":{"line":32,"column":8},"end":{"line":32,"column":22}},"21":{"start":{"line":34,"column":4},"end":{"line":34,"column":18}},"22":{"start":{"line":37,"column":0},"end":{"line":37,"column":38}},"23":{"start":{"line":40,"column":4},"end":{"line":44,"column":5}},"24":{"start":{"line":41,"column":8},"end":{"line":43,"column":9}},"25":{"start":{"line":42,"column":12},"end":{"line":42,"column":25}},"26":{"start":{"line":45,"column":4},"end":{"line":49,"column":5}},"27":{"start":{"line":46,"column":8},"end":{"line":48,"column":9}},"28":{"start":{"line":47,"column":12},"end":{"line":47,"column":25}},"29":{"start":{"line":50,"column":4},"end":{"line":50,"column":16}},"30":{"start":{"line":53,"column":0},"end":{"line":53,"column":48}},"31":{"start":{"line":55,"column":0},"end":{"line":60,"column":1}}},"fnMap":{"0":{"name":"sumElem","decl":{"start":{"line":1,"column":9},"end":{"line":1,"column":16}},"loc":{"start":{"line":1,"column":26},"end":{"line":10,"column":1}},"line":1},"1":{"name":"transformArr","decl":{"start":{"line":14,"column":9},"end":{"line":14,"column":21}},"loc":{"start":{"line":14,"column":27},"end":{"line":23,"column":1}},"line":14},"2":{"name":"divideArr","decl":{"start":{"line":27,"column":9},"end":{"line":27,"column":18}},"loc":{"start":{"line":27,"column":30},"end":{"line":35,"column":1}},"line":27},"3":{"name":"isEqual","decl":{"start":{"line":39,"column":9},"end":{"line":39,"column":16}},"loc":{"start":{"line":39,"column":23},"end":{"line":51,"column":1}},"line":39}},"branchMap":{"0":{"loc":{"start":{"line":4,"column":12},"end":{"line":6,"column":13}},"type":"if","locations":[{"start":{"line":4,"column":12},"end":{"line":6,"column":13}},{"start":{},"end":{}}],"line":4},"1":{"loc":{"start":{"line":4,"column":16},"end":{"line":4,"column":48}},"type":"binary-expr","locations":[{"start":{"line":4,"column":16},"end":{"line":4,"column":23}},{"start":{"line":4,"column":27},"end":{"line":4,"column":48}}],"line":4},"2":{"loc":{"start":{"line":18,"column":8},"end":{"line":20,"column":35}},"type":"if","locations":[{"start":{"line":18,"column":8},"end":{"line":20,"column":35}},{"start":{"line":20,"column":15},"end":{"line":20,"column":35}}],"line":18},"3":{"loc":{"start":{"line":41,"column":8},"end":{"line":43,"column":9}},"type":"if","locations":[{"start":{"line":41,"column":8},"end":{"line":43,"column":9}},{"start":{},"end":{}}],"line":41},"4":{"loc":{"start":{"line":41,"column":11},"end":{"line":41,"column":43}},"type":"binary-expr","locations":[{"start":{"line":41,"column":11},"end":{"line":41,"column":22}},{"start":{"line":41,"column":26},"end":{"line":41,"column":43}}],"line":41},"5":{"loc":{"start":{"line":46,"column":8},"end":{"line":48,"column":9}},"type":"if","locations":[{"start":{"line":46,"column":8},"end":{"line":48,"column":9}},{"start":{},"end":{}}],"line":46},"6":{"loc":{"start":{"line":46,"column":12},"end":{"line":46,"column":44}},"type":"binary-expr","locations":[{"start":{"line":46,"column":12},"end":{"line":46,"column":23}},{"start":{"line":46,"column":27},"end":{"line":46,"column":44}}],"line":46}},"s":{"0":3,"1":3,"2":9,"3":9,"4":35,"5":2,"6":1,"7":1,"8":8,"9":8,"10":8,"11":20,"12":5,"13":15,"14":8,"15":1,"16":3,"17":3,"18":3,"19":7,"20":7,"21":3,"22":1,"23":3,"24":6,"25":1,"26":2,"27":4,"28":0,"29":2,"30":1,"31":1},"f":{"0":3,"1":8,"2":3,"3":3},"b":{"0":[2,33],"1":[35,26],"2":[5,15],"3":[1,5],"4":[6,5],"5":[0,4],"6":[4,4]},"_coverageSchema":"1a1c01bbd47fc00a2c39e90264f33305004495a9","hash":"e17b85b354e3cd13e791d950521131423b2ba872"}
,"D:\\CoursesDevEducation\\Practice\\Practice\\Practice6\\script.js": {"path":"D:\\CoursesDevEducation\\Practice\\Practice\\Practice6\\script.js","statementMap":{"0":{"start":{"line":6,"column":21},"end":{"line":6,"column":38}},"1":{"start":{"line":8,"column":4},"end":{"line":16,"column":11}},"2":{"start":{"line":9,"column":8},"end":{"line":14,"column":9}},"3":{"start":{"line":10,"column":12},"end":{"line":13,"column":14}},"4":{"start":{"line":15,"column":8},"end":{"line":15,"column":19}},"5":{"start":{"line":19,"column":0},"end":{"line":19,"column":60}},"6":{"start":{"line":25,"column":21},"end":{"line":25,"column":38}},"7":{"start":{"line":26,"column":21},"end":{"line":26,"column":38}},"8":{"start":{"line":28,"column":4},"end":{"line":30,"column":5}},"9":{"start":{"line":29,"column":8},"end":{"line":29,"column":20}},"10":{"start":{"line":32,"column":20},"end":{"line":50,"column":6}},"11":{"start":{"line":33,"column":26},"end":{"line":33,"column":35}},"12":{"start":{"line":34,"column":26},"end":{"line":34,"column":35}},"13":{"start":{"line":35,"column":8},"end":{"line":38,"column":9}},"14":{"start":{"line":37,"column":12},"end":{"line":37,"column":24}},"15":{"start":{"line":39,"column":8},"end":{"line":41,"column":9}},"16":{"start":{"line":40,"column":12},"end":{"line":40,"column":24}},"17":{"start":{"line":42,"column":8},"end":{"line":44,"column":9}},"18":{"start":{"line":43,"column":12},"end":{"line":43,"column":53}},"19":{"start":{"line":45,"column":8},"end":{"line":47,"column":9}},"20":{"start":{"line":46,"column":12},"end":{"line":46,"column":58}},"21":{"start":{"line":49,"column":8},"end":{"line":49,"column":21}},"22":{"start":{"line":51,"column":4},"end":{"line":51,"column":68}},"23":{"start":{"line":55,"column":4},"end":{"line":57,"column":5}},"24":{"start":{"line":56,"column":8},"end":{"line":56,"column":21}},"25":{"start":{"line":59,"column":21},"end":{"line":68,"column":6}},"26":{"start":{"line":60,"column":8},"end":{"line":62,"column":9}},"27":{"start":{"line":61,"column":12},"end":{"line":61,"column":53}},"28":{"start":{"line":63,"column":8},"end":{"line":65,"column":9}},"29":{"start":{"line":64,"column":12},"end":{"line":64,"column":47}},"30":{"start":{"line":67,"column":8},"end":{"line":67,"column":33}},"31":{"start":{"line":69,"column":4},"end":{"line":69,"column":37}},"32":{"start":{"line":72,"column":0},"end":{"line":72,"column":70}},"33":{"start":{"line":79,"column":17},"end":{"line":79,"column":19}},"34":{"start":{"line":81,"column":4},"end":{"line":85,"column":5}},"35":{"start":{"line":81,"column":17},"end":{"line":81,"column":18}},"36":{"start":{"line":82,"column":8},"end":{"line":84,"column":9}},"37":{"start":{"line":83,"column":12},"end":{"line":83,"column":27}},"38":{"start":{"line":86,"column":4},"end":{"line":86,"column":18}},"39":{"start":{"line":89,"column":0},"end":{"line":89,"column":39}},"40":{"start":{"line":97,"column":4},"end":{"line":99,"column":5}},"41":{"start":{"line":98,"column":8},"end":{"line":98,"column":20}},"42":{"start":{"line":100,"column":4},"end":{"line":100,"column":101}},"43":{"start":{"line":100,"column":45},"end":{"line":100,"column":93}},"44":{"start":{"line":103,"column":0},"end":{"line":103,"column":37}},"45":{"start":{"line":104,"column":0},"end":{"line":104,"column":29}},"46":{"start":{"line":105,"column":0},"end":{"line":105,"column":24}},"47":{"start":{"line":110,"column":19},"end":{"line":117,"column":5}},"48":{"start":{"line":114,"column":12},"end":{"line":114,"column":48}},"49":{"start":{"line":115,"column":12},"end":{"line":115,"column":46}},"50":{"start":{"line":119,"column":20},"end":{"line":122,"column":5}},"51":{"start":{"line":124,"column":4},"end":{"line":124,"column":32}},"52":{"start":{"line":127,"column":12},"end":{"line":127,"column":25}},"53":{"start":{"line":129,"column":0},"end":{"line":129,"column":17}},"54":{"start":{"line":132,"column":0},"end":{"line":138,"column":1}}},"fnMap":{"0":{"name":"intersectionObj","decl":{"start":{"line":5,"column":9},"end":{"line":5,"column":24}},"loc":{"start":{"line":5,"column":37},"end":{"line":17,"column":1}},"line":5},"1":{"name":"(anonymous_1)","decl":{"start":{"line":8,"column":27},"end":{"line":8,"column":28}},"loc":{"start":{"line":8,"column":46},"end":{"line":16,"column":5}},"line":8},"2":{"name":"isDeepEqual","decl":{"start":{"line":24,"column":9},"end":{"line":24,"column":20}},"loc":{"start":{"line":24,"column":33},"end":{"line":52,"column":1}},"line":24},"3":{"name":"(anonymous_3)","decl":{"start":{"line":32,"column":33},"end":{"line":32,"column":34}},"loc":{"start":{"line":32,"column":42},"end":{"line":50,"column":5}},"line":32},"4":{"name":"isArraysDeepEqual","decl":{"start":{"line":54,"column":9},"end":{"line":54,"column":26}},"loc":{"start":{"line":54,"column":39},"end":{"line":70,"column":1}},"line":54},"5":{"name":"(anonymous_5)","decl":{"start":{"line":59,"column":30},"end":{"line":59,"column":31}},"loc":{"start":{"line":59,"column":44},"end":{"line":68,"column":5}},"line":59},"6":{"name":"uniqueArr","decl":{"start":{"line":78,"column":9},"end":{"line":78,"column":18}},"loc":{"start":{"line":78,"column":24},"end":{"line":87,"column":1}},"line":78},"7":{"name":"isEmpty","decl":{"start":{"line":96,"column":9},"end":{"line":96,"column":16}},"loc":{"start":{"line":96,"column":22},"end":{"line":101,"column":1}},"line":96},"8":{"name":"(anonymous_8)","decl":{"start":{"line":100,"column":36},"end":{"line":100,"column":37}},"loc":{"start":{"line":100,"column":45},"end":{"line":100,"column":93}},"line":100},"9":{"name":"bindExample","decl":{"start":{"line":109,"column":9},"end":{"line":109,"column":20}},"loc":{"start":{"line":109,"column":23},"end":{"line":125,"column":1}},"line":109},"10":{"name":"(anonymous_10)","decl":{"start":{"line":113,"column":14},"end":{"line":113,"column":15}},"loc":{"start":{"line":113,"column":25},"end":{"line":116,"column":9}},"line":113}},"branchMap":{"0":{"loc":{"start":{"line":8,"column":28},"end":{"line":8,"column":36}},"type":"default-arg","locations":[{"start":{"line":8,"column":34},"end":{"line":8,"column":36}}],"line":8},"1":{"loc":{"start":{"line":9,"column":8},"end":{"line":14,"column":9}},"type":"if","locations":[{"start":{"line":9,"column":8},"end":{"line":14,"column":9}},{"start":{},"end":{}}],"line":9},"2":{"loc":{"start":{"line":28,"column":4},"end":{"line":30,"column":5}},"type":"if","locations":[{"start":{"line":28,"column":4},"end":{"line":30,"column":5}},{"start":{},"end":{}}],"line":28},"3":{"loc":{"start":{"line":28,"column":8},"end":{"line":28,"column":54}},"type":"binary-expr","locations":[{"start":{"line":28,"column":8},"end":{"line":28,"column":29}},{"start":{"line":28,"column":33},"end":{"line":28,"column":54}}],"line":28},"4":{"loc":{"start":{"line":35,"column":8},"end":{"line":38,"column":9}},"type":"if","locations":[{"start":{"line":35,"column":8},"end":{"line":38,"column":9}},{"start":{},"end":{}}],"line":35},"5":{"loc":{"start":{"line":35,"column":12},"end":{"line":36,"column":57}},"type":"binary-expr","locations":[{"start":{"line":35,"column":13},"end":{"line":35,"column":36}},{"start":{"line":35,"column":40},"end":{"line":35,"column":63}},{"start":{"line":36,"column":16},"end":{"line":36,"column":34}},{"start":{"line":36,"column":38},"end":{"line":36,"column":56}}],"line":35},"6":{"loc":{"start":{"line":39,"column":8},"end":{"line":41,"column":9}},"type":"if","locations":[{"start":{"line":39,"column":8},"end":{"line":41,"column":9}},{"start":{},"end":{}}],"line":39},"7":{"loc":{"start":{"line":42,"column":8},"end":{"line":44,"column":9}},"type":"if","locations":[{"start":{"line":42,"column":8},"end":{"line":44,"column":9}},{"start":{},"end":{}}],"line":42},"8":{"loc":{"start":{"line":42,"column":12},"end":{"line":42,"column":74}},"type":"binary-expr","locations":[{"start":{"line":42,"column":12},"end":{"line":42,"column":41}},{"start":{"line":42,"column":45},"end":{"line":42,"column":74}}],"line":42},"9":{"loc":{"start":{"line":45,"column":8},"end":{"line":47,"column":9}},"type":"if","locations":[{"start":{"line":45,"column":8},"end":{"line":47,"column":9}},{"start":{},"end":{}}],"line":45},"10":{"loc":{"start":{"line":45,"column":12},"end":{"line":45,"column":64}},"type":"binary-expr","locations":[{"start":{"line":45,"column":12},"end":{"line":45,"column":36}},{"start":{"line":45,"column":40},"end":{"line":45,"column":64}}],"line":45},"11":{"loc":{"start":{"line":51,"column":11},"end":{"line":51,"column":67}},"type":"binary-expr","locations":[{"start":{"line":51,"column":11},"end":{"line":51,"column":35}},{"start":{"line":51,"column":39},"end":{"line":51,"column":67}}],"line":51},"12":{"loc":{"start":{"line":55,"column":4},"end":{"line":57,"column":5}},"type":"if","locations":[{"start":{"line":55,"column":4},"end":{"line":57,"column":5}},{"start":{},"end":{}}],"line":55},"13":{"loc":{"start":{"line":60,"column":8},"end":{"line":62,"column":9}},"type":"if","locations":[{"start":{"line":60,"column":8},"end":{"line":62,"column":9}},{"start":{},"end":{}}],"line":60},"14":{"loc":{"start":{"line":60,"column":12},"end":{"line":60,"column":58}},"type":"binary-expr","locations":[{"start":{"line":60,"column":12},"end":{"line":60,"column":31}},{"start":{"line":60,"column":35},"end":{"line":60,"column":58}}],"line":60},"15":{"loc":{"start":{"line":63,"column":8},"end":{"line":65,"column":9}},"type":"if","locations":[{"start":{"line":63,"column":8},"end":{"line":65,"column":9}},{"start":{},"end":{}}],"line":63},"16":{"loc":{"start":{"line":63,"column":12},"end":{"line":63,"column":68}},"type":"binary-expr","locations":[{"start":{"line":63,"column":12},"end":{"line":63,"column":36}},{"start":{"line":63,"column":40},"end":{"line":63,"column":68}}],"line":63},"17":{"loc":{"start":{"line":82,"column":8},"end":{"line":84,"column":9}},"type":"if","locations":[{"start":{"line":82,"column":8},"end":{"line":84,"column":9}},{"start":{},"end":{}}],"line":82},"18":{"loc":{"start":{"line":97,"column":4},"end":{"line":99,"column":5}},"type":"if","locations":[{"start":{"line":97,"column":4},"end":{"line":99,"column":5}},{"start":{},"end":{}}],"line":97},"19":{"loc":{"start":{"line":100,"column":45},"end":{"line":100,"column":93}},"type":"binary-expr","locations":[{"start":{"line":100,"column":45},"end":{"line":100,"column":53}},{"start":{"line":100,"column":57},"end":{"line":100,"column":71}},{"start":{"line":100,"column":75},"end":{"line":100,"column":93}}],"line":100}},"s":{"0":2,"1":2,"2":4,"3":2,"4":4,"5":1,"6":8,"7":8,"8":8,"9":1,"10":7,"11":10,"12":10,"13":10,"14":0,"15":10,"16":6,"17":4,"18":3,"19":1,"20":0,"21":1,"22":7,"23":0,"24":0,"25":0,"26":0,"27":0,"28":0,"29":0,"30":0,"31":0,"32":1,"33":2,"34":2,"35":2,"36":6,"37":6,"38":2,"39":1,"40":6,"41":2,"42":4,"43":4,"44":1,"45":1,"46":1,"47":2,"48":2,"49":2,"50":2,"51":2,"52":1,"53":1,"54":1},"f":{"0":2,"1":4,"2":8,"3":10,"4":0,"5":0,"6":2,"7":6,"8":4,"9":2,"10":2},"b":{"0":[0],"1":[2,2],"2":[1,7],"3":[8,1],"4":[0,10],"5":[10,0,10,0],"6":[6,4],"7":[3,1],"8":[4,3],"9":[0,1],"10":[1,0],"11":[7,5],"12":[0,0],"13":[0,0],"14":[0,0],"15":[0,0],"16":[0,0],"17":[6,0],"18":[2,4],"19":[4,2,2]},"_coverageSchema":"1a1c01bbd47fc00a2c39e90264f33305004495a9","hash":"9c440caf1c35ff709a79ca0097984c144c2a67ac"}
}
