TN:
SF:Practice1\Practice1.js
FN:1,isPalindrome
FN:15,isSymbol
FN:20,checkSymbols
FN:21,(anonymous_3)
FN:25,isValidString
FN:41,sumNumber
FN:57,checkNumber
FNF:7
FNH:7
FNDA:3,isPalindrome
FNDA:9,isSymbol
FNDA:10,checkSymbols
FNDA:46,(anonymous_3)
FNDA:13,isValidString
FNDA:4,sumNumber
FNDA:5,checkNumber
DA:2,3
DA:4,3
DA:5,16
DA:6,6
DA:7,10
DA:9,3
DA:12,1
DA:16,9
DA:21,46
DA:26,13
DA:27,13
DA:28,9
DA:30,4
DA:34,0
DA:37,1
DA:39,1
DA:42,4
DA:44,4
DA:45,1
DA:48,3
DA:49,2
DA:50,2
DA:51,1
DA:52,3
DA:55,1
DA:58,5
DA:59,5
DA:60,5
DA:61,5
DA:63,5
DA:64,26
DA:65,2
DA:68,5
DA:69,1
DA:72,5
DA:73,3
DA:74,2
DA:76,5
DA:77,2
DA:78,3
DA:80,5
DA:83,1
DA:86,1
LF:43
LH:42
BRDA:5,0,0,6
BRDA:5,0,1,10
BRDA:26,1,0,13
BRDA:26,1,1,0
BRDA:26,2,0,13
BRDA:26,2,1,0
BRDA:27,3,0,9
BRDA:27,3,1,4
BRDA:27,4,0,13
BRDA:27,4,1,11
BRDA:27,4,2,10
BRDA:27,4,3,9
BRDA:27,4,4,1
BRDA:44,5,0,1
BRDA:44,5,1,3
BRDA:48,6,0,2
BRDA:48,6,1,1
BRDA:48,7,0,3
BRDA:48,7,1,2
BRDA:48,7,2,2
BRDA:64,8,0,2
BRDA:64,8,1,24
BRDA:68,9,0,1
BRDA:68,9,1,4
BRDA:72,10,0,3
BRDA:72,10,1,2
BRDA:76,11,0,2
BRDA:76,11,1,3
BRF:28
BRH:26
end_of_record
TN:
SF:Practice2\SvyrydaPractice2.js
FN:1,returnNumbers
FN:21,outOfCycle
FN:38,char
FN:47,isAnagram
FNF:4
FNH:4
FNDA:2,returnNumbers
FNDA:2,outOfCycle
FNDA:4,char
FNDA:2,isAnagram
DA:2,2
DA:4,2
DA:5,26
DA:6,1
DA:7,25
DA:8,7
DA:9,18
DA:10,4
DA:12,14
DA:15,2
DA:17,1
DA:19,1
DA:22,2
DA:23,2
DA:24,32
DA:25,632
DA:26,2
DA:28,630
DA:31,2
DA:34,1
DA:39,4
DA:41,4
DA:42,52
DA:44,4
DA:48,2
DA:49,2
DA:51,2
DA:52,1
DA:55,1
DA:56,8
DA:57,0
DA:60,1
DA:65,1
LF:33
LH:32
BRDA:5,0,0,1
BRDA:5,0,1,25
BRDA:5,1,0,26
BRDA:5,1,1,8
BRDA:7,2,0,7
BRDA:7,2,1,18
BRDA:9,3,0,4
BRDA:9,3,1,14
BRDA:25,4,0,2
BRDA:25,4,1,630
BRDA:25,5,0,632
BRDA:25,5,1,32
BRDA:42,6,0,52
BRDA:42,6,1,31
BRDA:51,7,0,1
BRDA:51,7,1,1
BRDA:56,8,0,0
BRDA:56,8,1,8
BRF:18
BRH:17
end_of_record
TN:
SF:Practice4\SvyrydaPractice4.js
FN:1,sumElem
FN:14,transformArr
FN:27,divideArr
FN:39,isEqual
FNF:4
FNH:4
FNDA:3,sumElem
FNDA:8,transformArr
FNDA:3,divideArr
FNDA:3,isEqual
DA:2,3
DA:3,9
DA:4,35
DA:5,2
DA:9,1
DA:12,1
DA:15,8
DA:17,8
DA:18,20
DA:19,5
DA:20,15
DA:22,8
DA:25,1
DA:28,3
DA:29,3
DA:30,3
DA:31,7
DA:32,7
DA:34,3
DA:37,1
DA:40,3
DA:41,6
DA:42,1
DA:45,2
DA:46,4
DA:47,0
DA:50,2
DA:53,1
DA:55,1
LF:29
LH:28
BRDA:4,0,0,2
BRDA:4,0,1,33
BRDA:4,1,0,35
BRDA:4,1,1,26
BRDA:18,2,0,5
BRDA:18,2,1,15
BRDA:41,3,0,1
BRDA:41,3,1,5
BRDA:41,4,0,6
BRDA:41,4,1,5
BRDA:46,5,0,0
BRDA:46,5,1,4
BRDA:46,6,0,4
BRDA:46,6,1,4
BRF:14
BRH:13
end_of_record
TN:
SF:Practice6\script.js
FN:5,intersectionObj
FN:8,(anonymous_1)
FN:24,isDeepEqual
FN:32,(anonymous_3)
FN:54,isArraysDeepEqual
FN:59,(anonymous_5)
FN:78,uniqueArr
FN:96,isEmpty
FN:100,(anonymous_8)
FN:109,bindExample
FN:113,(anonymous_10)
FNF:11
FNH:9
FNDA:2,intersectionObj
FNDA:4,(anonymous_1)
FNDA:8,isDeepEqual
FNDA:10,(anonymous_3)
FNDA:0,isArraysDeepEqual
FNDA:0,(anonymous_5)
FNDA:2,uniqueArr
FNDA:6,isEmpty
FNDA:4,(anonymous_8)
FNDA:2,bindExample
FNDA:2,(anonymous_10)
DA:6,2
DA:8,2
DA:9,4
DA:10,2
DA:15,4
DA:19,1
DA:25,8
DA:26,8
DA:28,8
DA:29,1
DA:32,7
DA:33,10
DA:34,10
DA:35,10
DA:37,0
DA:39,10
DA:40,6
DA:42,4
DA:43,3
DA:45,1
DA:46,0
DA:49,1
DA:51,7
DA:55,0
DA:56,0
DA:59,0
DA:60,0
DA:61,0
DA:63,0
DA:64,0
DA:67,0
DA:69,0
DA:72,1
DA:79,2
DA:81,2
DA:82,6
DA:83,6
DA:86,2
DA:89,1
DA:97,6
DA:98,2
DA:100,4
DA:103,1
DA:104,1
DA:105,1
DA:110,2
DA:114,2
DA:115,2
DA:119,2
DA:124,2
DA:127,1
DA:129,1
DA:132,1
LF:53
LH:42
BRDA:8,0,0,0
BRDA:9,1,0,2
BRDA:9,1,1,2
BRDA:28,2,0,1
BRDA:28,2,1,7
BRDA:28,3,0,8
BRDA:28,3,1,1
BRDA:35,4,0,0
BRDA:35,4,1,10
BRDA:35,5,0,10
BRDA:35,5,1,0
BRDA:35,5,2,10
BRDA:35,5,3,0
BRDA:39,6,0,6
BRDA:39,6,1,4
BRDA:42,7,0,3
BRDA:42,7,1,1
BRDA:42,8,0,4
BRDA:42,8,1,3
BRDA:45,9,0,0
BRDA:45,9,1,1
BRDA:45,10,0,1
BRDA:45,10,1,0
BRDA:51,11,0,7
BRDA:51,11,1,5
BRDA:55,12,0,0
BRDA:55,12,1,0
BRDA:60,13,0,0
BRDA:60,13,1,0
BRDA:60,14,0,0
BRDA:60,14,1,0
BRDA:63,15,0,0
BRDA:63,15,1,0
BRDA:63,16,0,0
BRDA:63,16,1,0
BRDA:82,17,0,6
BRDA:82,17,1,0
BRDA:97,18,0,2
BRDA:97,18,1,4
BRDA:100,19,0,4
BRDA:100,19,1,2
BRDA:100,19,2,2
BRF:42
BRH:25
end_of_record
