TN:
SF:Practice1\Practice1.js
FN:1,isPalindrome
FN:15,isSymbol
FN:20,checkSymbols
FN:25,isValidString
FN:41,sumNumber
FN:57,checkNumber
FNF:6
FNH:6
FNDA:3,isPalindrome
FNDA:9,isSymbol
FNDA:10,checkSymbols
FNDA:13,isValidString
FNDA:4,sumNumber
FNDA:5,checkNumber
DA:1,3
DA:2,3
DA:3,3
DA:4,3
DA:5,16
DA:6,6
DA:7,16
DA:8,16
DA:9,3
DA:10,3
DA:11,1
DA:12,1
DA:13,1
DA:14,1
DA:15,9
DA:16,9
DA:17,9
DA:18,9
DA:19,1
DA:20,10
DA:21,10
DA:22,10
DA:23,10
DA:24,1
DA:25,13
DA:26,13
DA:27,13
DA:28,9
DA:29,13
DA:30,4
DA:31,4
DA:32,13
DA:33,0
DA:34,0
DA:35,0
DA:36,1
DA:37,1
DA:38,1
DA:39,1
DA:40,1
DA:41,4
DA:42,4
DA:43,4
DA:44,4
DA:45,1
DA:46,1
DA:47,3
DA:48,4
DA:49,2
DA:50,2
DA:51,4
DA:52,3
DA:53,3
DA:54,1
DA:55,1
DA:56,1
DA:57,5
DA:58,5
DA:59,5
DA:60,5
DA:61,5
DA:62,5
DA:63,5
DA:64,26
DA:65,2
DA:66,2
DA:67,26
DA:68,5
DA:69,1
DA:70,1
DA:71,5
DA:72,5
DA:73,3
DA:74,5
DA:75,5
DA:76,5
DA:77,2
DA:78,5
DA:79,5
DA:80,5
DA:81,5
DA:82,1
DA:83,1
DA:84,1
DA:85,1
DA:86,1
DA:87,1
DA:88,1
DA:89,1
DA:90,1
DA:91,1
DA:92,1
LF:92
LH:89
BRDA:1,0,0,3
BRDA:4,1,0,16
BRDA:5,2,0,6
BRDA:7,3,0,10
BRDA:15,4,0,9
BRDA:20,5,0,10
BRDA:21,6,0,46
BRDA:25,7,0,13
BRDA:26,8,0,0
BRDA:27,9,0,11
BRDA:27,10,0,10
BRDA:27,11,0,9
BRDA:27,12,0,1
BRDA:27,13,0,9
BRDA:29,14,0,4
BRDA:33,15,0,0
BRDA:41,16,0,4
BRDA:44,17,0,1
BRDA:47,18,0,3
BRDA:48,19,0,2
BRDA:48,20,0,2
BRDA:48,21,0,2
BRDA:51,22,0,1
BRDA:51,23,0,3
BRDA:57,24,0,5
BRDA:63,25,0,26
BRDA:64,26,0,2
BRDA:68,27,0,1
BRDA:72,28,0,3
BRDA:74,29,0,2
BRDA:76,30,0,2
BRDA:78,31,0,3
BRF:32
BRH:30
end_of_record
TN:
SF:Practice2\SvyrydaPractice2.js
FN:1,returnNumbers
FN:21,outOfCycle
FN:38,char
FN:47,isAnagram
FNF:4
FNH:4
FNDA:2,returnNumbers
FNDA:2,outOfCycle
FNDA:4,char
FNDA:2,isAnagram
DA:1,2
DA:2,2
DA:3,2
DA:4,2
DA:5,26
DA:6,1
DA:7,26
DA:8,7
DA:9,25
DA:10,4
DA:11,18
DA:12,14
DA:13,14
DA:14,26
DA:15,2
DA:16,2
DA:17,1
DA:18,1
DA:19,1
DA:20,1
DA:21,2
DA:22,2
DA:23,2
DA:24,32
DA:25,632
DA:26,2
DA:27,2
DA:28,630
DA:29,630
DA:30,32
DA:31,2
DA:32,2
DA:33,1
DA:34,1
DA:35,1
DA:36,1
DA:37,1
DA:38,4
DA:39,4
DA:40,4
DA:41,4
DA:42,52
DA:43,52
DA:44,4
DA:45,4
DA:46,1
DA:47,2
DA:48,2
DA:49,2
DA:50,2
DA:51,2
DA:52,1
DA:53,1
DA:54,1
DA:55,2
DA:56,8
DA:57,0
DA:58,0
DA:59,8
DA:60,1
DA:61,1
DA:62,1
DA:63,1
DA:64,1
DA:65,1
DA:66,1
DA:67,1
DA:68,1
DA:69,1
LF:69
LH:67
BRDA:1,0,0,2
BRDA:4,1,0,26
BRDA:5,2,0,8
BRDA:5,3,0,1
BRDA:7,4,0,25
BRDA:7,5,0,7
BRDA:9,6,0,18
BRDA:9,7,0,4
BRDA:11,8,0,14
BRDA:21,9,0,2
BRDA:23,10,0,32
BRDA:24,11,0,632
BRDA:25,12,0,32
BRDA:25,13,0,2
BRDA:28,14,0,630
BRDA:38,15,0,4
BRDA:41,16,0,52
BRDA:42,17,0,31
BRDA:47,18,0,2
BRDA:51,19,0,1
BRDA:55,20,0,8
BRDA:56,21,0,0
BRDA:60,22,0,1
BRF:23
BRH:22
end_of_record
TN:
SF:Practice4\SvyrydaPractice4.js
FN:1,sumElem
FN:14,transformArr
FN:27,divideArr
FN:39,isEqual
FNF:4
FNH:4
FNDA:3,sumElem
FNDA:8,transformArr
FNDA:3,divideArr
FNDA:3,isEqual
DA:1,3
DA:2,3
DA:3,9
DA:4,35
DA:5,2
DA:6,2
DA:7,35
DA:8,7
DA:9,1
DA:10,1
DA:11,1
DA:12,1
DA:13,1
DA:14,8
DA:15,8
DA:16,8
DA:17,8
DA:18,20
DA:19,5
DA:20,20
DA:21,20
DA:22,8
DA:23,8
DA:24,1
DA:25,1
DA:26,1
DA:27,3
DA:28,3
DA:29,3
DA:30,3
DA:31,7
DA:32,7
DA:33,7
DA:34,3
DA:35,3
DA:36,1
DA:37,1
DA:38,1
DA:39,3
DA:40,3
DA:41,6
DA:42,1
DA:43,1
DA:44,6
DA:45,3
DA:46,4
DA:47,0
DA:48,0
DA:49,4
DA:50,2
DA:51,2
DA:52,1
DA:53,1
DA:54,1
DA:55,1
DA:56,1
DA:57,1
DA:58,1
DA:59,1
DA:60,1
LF:60
LH:58
BRDA:1,0,0,3
BRDA:2,1,0,9
BRDA:3,2,0,35
BRDA:4,3,0,26
BRDA:4,4,0,2
BRDA:8,5,0,7
BRDA:9,6,0,1
BRDA:14,7,0,8
BRDA:17,8,0,20
BRDA:18,9,0,5
BRDA:20,10,0,15
BRDA:27,11,0,3
BRDA:30,12,0,7
BRDA:39,13,0,3
BRDA:40,14,0,6
BRDA:41,15,0,5
BRDA:41,16,0,1
BRDA:45,17,0,2
BRDA:45,18,0,4
BRDA:46,19,0,0
BRDA:50,20,0,2
BRF:21
BRH:20
end_of_record
TN:
SF:Practice6\script.js
FN:5,intersectionObj
FN:24,isDeepEqual
FN:54,isArraysDeepEqual
FN:78,uniqueArr
FN:96,isEmpty
FN:109,bindExample
FN:113,func
FNF:7
FNH:6
FNDA:2,intersectionObj
FNDA:8,isDeepEqual
FNDA:0,isArraysDeepEqual
FNDA:2,uniqueArr
FNDA:6,isEmpty
FNDA:2,bindExample
FNDA:2,func
DA:1,1
DA:2,1
DA:3,1
DA:4,1
DA:5,2
DA:6,2
DA:7,2
DA:8,2
DA:9,4
DA:10,2
DA:11,2
DA:12,2
DA:13,2
DA:14,2
DA:15,4
DA:16,2
DA:17,2
DA:18,1
DA:19,1
DA:20,1
DA:21,1
DA:22,1
DA:23,1
DA:24,8
DA:25,8
DA:26,8
DA:27,8
DA:28,8
DA:29,1
DA:30,1
DA:31,7
DA:32,7
DA:33,10
DA:34,10
DA:35,10
DA:36,10
DA:37,0
DA:38,0
DA:39,10
DA:40,6
DA:41,6
DA:42,10
DA:43,3
DA:44,3
DA:45,10
DA:46,0
DA:47,0
DA:48,1
DA:49,1
DA:50,1
DA:51,8
DA:52,8
DA:53,1
DA:54,0
DA:55,0
DA:56,0
DA:57,0
DA:58,0
DA:59,0
DA:60,0
DA:61,0
DA:62,0
DA:63,0
DA:64,0
DA:65,0
DA:66,0
DA:67,0
DA:68,0
DA:69,0
DA:70,0
DA:71,1
DA:72,1
DA:73,1
DA:74,1
DA:75,1
DA:76,1
DA:77,1
DA:78,2
DA:79,2
DA:80,2
DA:81,2
DA:82,6
DA:83,6
DA:84,6
DA:85,6
DA:86,2
DA:87,2
DA:88,1
DA:89,1
DA:90,1
DA:91,1
DA:92,1
DA:93,1
DA:94,1
DA:95,1
DA:96,6
DA:97,6
DA:98,2
DA:99,2
DA:100,4
DA:101,4
DA:102,1
DA:103,1
DA:104,1
DA:105,1
DA:106,1
DA:107,1
DA:108,1
DA:109,2
DA:110,2
DA:111,2
DA:112,2
DA:113,2
DA:114,2
DA:115,2
DA:116,2
DA:117,2
DA:118,2
DA:119,2
DA:120,2
DA:121,2
DA:122,2
DA:123,2
DA:124,2
DA:125,2
DA:126,1
DA:127,1
DA:128,1
DA:129,1
DA:130,1
DA:131,1
DA:132,1
DA:133,1
DA:134,1
DA:135,1
DA:136,1
DA:137,1
DA:138,1
LF:138
LH:117
BRDA:5,0,0,2
BRDA:8,1,0,4
BRDA:9,2,0,2
BRDA:24,3,0,8
BRDA:28,4,0,1
BRDA:28,5,0,1
BRDA:31,6,0,7
BRDA:51,7,0,5
BRDA:32,8,0,10
BRDA:35,9,0,0
BRDA:36,10,0,0
BRDA:36,11,0,0
BRDA:39,12,0,6
BRDA:42,13,0,4
BRDA:42,14,0,3
BRDA:42,15,0,3
BRDA:45,16,0,1
BRDA:45,17,0,0
BRDA:45,18,0,0
BRDA:48,19,0,1
BRDA:78,20,0,2
BRDA:81,21,0,6
BRDA:96,22,0,6
BRDA:97,23,0,2
BRDA:100,24,0,4
BRDA:100,25,0,4
BRDA:100,26,0,2
BRDA:100,27,0,2
BRDA:109,28,0,2
BRDA:113,29,0,2
BRF:30
BRH:25
end_of_record
TN:
SF:Practice7\script.js
FN:2,MyString
FN:4,reverse
FN:11,ucFirst
FN:15,ucWords
FN:35,Validator
FN:37,isEmail
FN:42,isDomain
FN:46,isDate
FN:50,isPhone
FNF:9
FNH:9
FNDA:1,MyString
FNDA:3,reverse
FNDA:2,ucFirst
FNDA:2,ucWords
FNDA:1,Validator
FNDA:3,isEmail
FNDA:3,isDomain
FNDA:3,isDate
FNDA:3,isPhone
DA:1,1
DA:2,1
DA:3,1
DA:4,1
DA:5,3
DA:6,3
DA:7,14
DA:8,14
DA:9,3
DA:10,3
DA:11,1
DA:12,2
DA:13,2
DA:14,2
DA:15,1
DA:16,2
DA:17,2
DA:18,2
DA:19,2
DA:20,6
DA:21,6
DA:22,6
DA:23,6
DA:24,2
DA:25,2
DA:26,1
DA:27,1
DA:28,1
DA:29,1
DA:30,1
DA:31,1
DA:32,1
DA:33,1
DA:34,1
DA:35,1
DA:36,1
DA:37,1
DA:38,3
DA:39,3
DA:40,3
DA:41,3
DA:42,1
DA:43,3
DA:44,3
DA:45,3
DA:46,1
DA:47,3
DA:48,3
DA:49,3
DA:50,1
DA:51,3
DA:52,3
DA:53,3
DA:54,1
DA:55,1
DA:56,1
DA:57,1
DA:58,1
DA:59,1
DA:60,1
DA:61,1
DA:62,1
DA:63,1
LF:63
LH:63
BRDA:2,0,0,1
BRDA:4,1,0,3
BRDA:6,2,0,14
BRDA:11,3,0,2
BRDA:15,4,0,2
BRDA:19,5,0,6
BRDA:35,6,0,1
BRDA:37,7,0,3
BRDA:40,8,0,1
BRDA:40,9,0,2
BRDA:42,10,0,3
BRDA:44,11,0,1
BRDA:44,12,0,2
BRDA:46,13,0,3
BRDA:48,14,0,1
BRDA:48,15,0,2
BRDA:50,16,0,3
BRDA:52,17,0,1
BRDA:52,18,0,2
BRF:19
BRH:19
end_of_record
